mode: count
github.com/Oleg-Pro/chat-server/internal/api/chat/create.go:16.109,17.34 1 0
github.com/Oleg-Pro/chat-server/internal/api/chat/create.go:17.34,19.3 1 0
github.com/Oleg-Pro/chat-server/internal/api/chat/create.go:21.2,24.16 3 0
github.com/Oleg-Pro/chat-server/internal/api/chat/create.go:24.16,26.3 1 0
github.com/Oleg-Pro/chat-server/internal/api/chat/create.go:28.2,30.8 1 0
github.com/Oleg-Pro/chat-server/internal/api/chat/delete.go:12.101,16.16 4 0
github.com/Oleg-Pro/chat-server/internal/api/chat/delete.go:16.16,18.3 1 0
github.com/Oleg-Pro/chat-server/internal/api/chat/delete.go:20.2,20.28 1 0
github.com/Oleg-Pro/chat-server/internal/api/chat/send_message.go:13.111,15.31 2 0
github.com/Oleg-Pro/chat-server/internal/api/chat/send_message.go:15.31,18.3 1 0
github.com/Oleg-Pro/chat-server/internal/api/chat/send_message.go:18.8,20.3 1 0
github.com/Oleg-Pro/chat-server/internal/api/chat/send_message.go:22.2,28.16 2 0
github.com/Oleg-Pro/chat-server/internal/api/chat/send_message.go:28.16,30.3 1 0
github.com/Oleg-Pro/chat-server/internal/api/chat/send_message.go:32.2,32.28 1 0
github.com/Oleg-Pro/chat-server/internal/api/chat/service.go:15.73,17.2 1 0
github.com/Oleg-Pro/chat-server/internal/api/chat/create.go:16.109,17.34 1 10
github.com/Oleg-Pro/chat-server/internal/api/chat/create.go:17.34,19.3 1 5
github.com/Oleg-Pro/chat-server/internal/api/chat/create.go:21.2,24.16 3 5
github.com/Oleg-Pro/chat-server/internal/api/chat/create.go:24.16,26.3 1 0
github.com/Oleg-Pro/chat-server/internal/api/chat/create.go:28.2,30.8 1 5
github.com/Oleg-Pro/chat-server/internal/api/chat/delete.go:12.101,16.16 4 5
github.com/Oleg-Pro/chat-server/internal/api/chat/delete.go:16.16,18.3 1 0
github.com/Oleg-Pro/chat-server/internal/api/chat/delete.go:20.2,20.28 1 5
github.com/Oleg-Pro/chat-server/internal/api/chat/send_message.go:13.111,15.31 2 5
github.com/Oleg-Pro/chat-server/internal/api/chat/send_message.go:15.31,18.3 1 0
github.com/Oleg-Pro/chat-server/internal/api/chat/send_message.go:18.8,20.3 1 5
github.com/Oleg-Pro/chat-server/internal/api/chat/send_message.go:22.2,28.16 2 5
github.com/Oleg-Pro/chat-server/internal/api/chat/send_message.go:28.16,30.3 1 0
github.com/Oleg-Pro/chat-server/internal/api/chat/send_message.go:32.2,32.28 1 5
github.com/Oleg-Pro/chat-server/internal/api/chat/service.go:15.73,17.2 1 20
github.com/Oleg-Pro/chat-server/internal/service/chat/create.go:9.81,11.2 1 0
github.com/Oleg-Pro/chat-server/internal/service/chat/delete.go:7.69,9.2 1 0
github.com/Oleg-Pro/chat-server/internal/service/chat/send_message.go:9.75,11.2 1 0
github.com/Oleg-Pro/chat-server/internal/service/chat/service.go:13.72,15.2 1 0
github.com/Oleg-Pro/chat-server/internal/service/mocks/chat_service_minimock.go:45.61,48.55 2 20
github.com/Oleg-Pro/chat-server/internal/service/mocks/chat_service_minimock.go:48.55,50.3 1 20
github.com/Oleg-Pro/chat-server/internal/service/mocks/chat_service_minimock.go:52.2,63.10 8 20
github.com/Oleg-Pro/chat-server/internal/service/mocks/chat_service_minimock.go:120.76,123.2 2 0
github.com/Oleg-Pro/chat-server/internal/service/mocks/chat_service_minimock.go:126.115,127.37 1 5
github.com/Oleg-Pro/chat-server/internal/service/mocks/chat_service_minimock.go:127.37,129.3 1 0
github.com/Oleg-Pro/chat-server/internal/service/mocks/chat_service_minimock.go:131.2,131.40 1 5
github.com/Oleg-Pro/chat-server/internal/service/mocks/chat_service_minimock.go:131.40,133.3 1 5
github.com/Oleg-Pro/chat-server/internal/service/mocks/chat_service_minimock.go:135.2,135.50 1 5
github.com/Oleg-Pro/chat-server/internal/service/mocks/chat_service_minimock.go:135.50,137.3 1 0
github.com/Oleg-Pro/chat-server/internal/service/mocks/chat_service_minimock.go:139.2,141.42 3 5
github.com/Oleg-Pro/chat-server/internal/service/mocks/chat_service_minimock.go:141.42,142.67 1 0
github.com/Oleg-Pro/chat-server/internal/service/mocks/chat_service_minimock.go:142.67,144.4 1 0
github.com/Oleg-Pro/chat-server/internal/service/mocks/chat_service_minimock.go:147.2,147.17 1 5
github.com/Oleg-Pro/chat-server/internal/service/mocks/chat_service_minimock.go:151.102,152.37 1 0
github.com/Oleg-Pro/chat-server/internal/service/mocks/chat_service_minimock.go:152.37,154.3 1 0
github.com/Oleg-Pro/chat-server/internal/service/mocks/chat_service_minimock.go:156.2,156.40 1 0
github.com/Oleg-Pro/chat-server/internal/service/mocks/chat_service_minimock.go:156.40,158.3 1 0
github.com/Oleg-Pro/chat-server/internal/service/mocks/chat_service_minimock.go:160.2,160.47 1 0
github.com/Oleg-Pro/chat-server/internal/service/mocks/chat_service_minimock.go:160.47,162.3 1 0
github.com/Oleg-Pro/chat-server/internal/service/mocks/chat_service_minimock.go:164.2,164.50 1 0
github.com/Oleg-Pro/chat-server/internal/service/mocks/chat_service_minimock.go:164.50,166.3 1 0
github.com/Oleg-Pro/chat-server/internal/service/mocks/chat_service_minimock.go:167.2,170.17 3 0
github.com/Oleg-Pro/chat-server/internal/service/mocks/chat_service_minimock.go:174.104,175.37 1 0
github.com/Oleg-Pro/chat-server/internal/service/mocks/chat_service_minimock.go:175.37,177.3 1 0
github.com/Oleg-Pro/chat-server/internal/service/mocks/chat_service_minimock.go:179.2,179.40 1 0
github.com/Oleg-Pro/chat-server/internal/service/mocks/chat_service_minimock.go:179.40,181.3 1 0
github.com/Oleg-Pro/chat-server/internal/service/mocks/chat_service_minimock.go:183.2,183.47 1 0
github.com/Oleg-Pro/chat-server/internal/service/mocks/chat_service_minimock.go:183.47,185.3 1 0
github.com/Oleg-Pro/chat-server/internal/service/mocks/chat_service_minimock.go:187.2,187.50 1 0
github.com/Oleg-Pro/chat-server/internal/service/mocks/chat_service_minimock.go:187.50,189.3 1 0
github.com/Oleg-Pro/chat-server/internal/service/mocks/chat_service_minimock.go:190.2,193.17 3 0
github.com/Oleg-Pro/chat-server/internal/service/mocks/chat_service_minimock.go:197.124,198.44 1 0
github.com/Oleg-Pro/chat-server/internal/service/mocks/chat_service_minimock.go:198.44,200.3 1 0
github.com/Oleg-Pro/chat-server/internal/service/mocks/chat_service_minimock.go:202.2,204.17 2 0
github.com/Oleg-Pro/chat-server/internal/service/mocks/chat_service_minimock.go:208.86,209.37 1 5
github.com/Oleg-Pro/chat-server/internal/service/mocks/chat_service_minimock.go:209.37,211.3 1 0
github.com/Oleg-Pro/chat-server/internal/service/mocks/chat_service_minimock.go:213.2,213.40 1 5
github.com/Oleg-Pro/chat-server/internal/service/mocks/chat_service_minimock.go:213.40,215.3 1 0
github.com/Oleg-Pro/chat-server/internal/service/mocks/chat_service_minimock.go:216.2,218.22 3 5
github.com/Oleg-Pro/chat-server/internal/service/mocks/chat_service_minimock.go:222.135,223.40 1 0
github.com/Oleg-Pro/chat-server/internal/service/mocks/chat_service_minimock.go:223.40,225.3 1 0
github.com/Oleg-Pro/chat-server/internal/service/mocks/chat_service_minimock.go:227.2,227.36 1 0
github.com/Oleg-Pro/chat-server/internal/service/mocks/chat_service_minimock.go:227.36,229.3 1 0
github.com/Oleg-Pro/chat-server/internal/service/mocks/chat_service_minimock.go:231.2,233.22 3 0
github.com/Oleg-Pro/chat-server/internal/service/mocks/chat_service_minimock.go:238.123,239.37 1 0
github.com/Oleg-Pro/chat-server/internal/service/mocks/chat_service_minimock.go:239.37,241.3 1 0
github.com/Oleg-Pro/chat-server/internal/service/mocks/chat_service_minimock.go:243.2,249.20 3 0
github.com/Oleg-Pro/chat-server/internal/service/mocks/chat_service_minimock.go:253.87,256.2 2 0
github.com/Oleg-Pro/chat-server/internal/service/mocks/chat_service_minimock.go:259.81,260.12 1 0
github.com/Oleg-Pro/chat-server/internal/service/mocks/chat_service_minimock.go:260.12,262.3 1 0
github.com/Oleg-Pro/chat-server/internal/service/mocks/chat_service_minimock.go:263.2,265.17 3 0
github.com/Oleg-Pro/chat-server/internal/service/mocks/chat_service_minimock.go:268.64,269.110 1 20
github.com/Oleg-Pro/chat-server/internal/service/mocks/chat_service_minimock.go:269.110,271.3 1 15
github.com/Oleg-Pro/chat-server/internal/service/mocks/chat_service_minimock.go:273.2,276.102 3 5
github.com/Oleg-Pro/chat-server/internal/service/mocks/chat_service_minimock.go:280.106,286.39 4 5
github.com/Oleg-Pro/chat-server/internal/service/mocks/chat_service_minimock.go:286.39,288.3 1 0
github.com/Oleg-Pro/chat-server/internal/service/mocks/chat_service_minimock.go:290.2,297.53 5 5
github.com/Oleg-Pro/chat-server/internal/service/mocks/chat_service_minimock.go:297.53,298.43 1 0
github.com/Oleg-Pro/chat-server/internal/service/mocks/chat_service_minimock.go:298.43,301.4 2 0
github.com/Oleg-Pro/chat-server/internal/service/mocks/chat_service_minimock.go:304.2,304.51 1 5
github.com/Oleg-Pro/chat-server/internal/service/mocks/chat_service_minimock.go:304.51,311.26 5 5
github.com/Oleg-Pro/chat-server/internal/service/mocks/chat_service_minimock.go:311.26,313.81 1 0
github.com/Oleg-Pro/chat-server/internal/service/mocks/chat_service_minimock.go:313.81,316.5 1 0
github.com/Oleg-Pro/chat-server/internal/service/mocks/chat_service_minimock.go:318.4,318.84 1 0
github.com/Oleg-Pro/chat-server/internal/service/mocks/chat_service_minimock.go:318.84,321.5 1 0
github.com/Oleg-Pro/chat-server/internal/service/mocks/chat_service_minimock.go:323.9,323.65 1 5
github.com/Oleg-Pro/chat-server/internal/service/mocks/chat_service_minimock.go:323.65,326.4 1 0
github.com/Oleg-Pro/chat-server/internal/service/mocks/chat_service_minimock.go:328.3,329.24 2 5
github.com/Oleg-Pro/chat-server/internal/service/mocks/chat_service_minimock.go:329.24,331.4 1 0
github.com/Oleg-Pro/chat-server/internal/service/mocks/chat_service_minimock.go:332.3,332.45 1 5
github.com/Oleg-Pro/chat-server/internal/service/mocks/chat_service_minimock.go:334.2,334.32 1 0
github.com/Oleg-Pro/chat-server/internal/service/mocks/chat_service_minimock.go:334.32,336.3 1 0
github.com/Oleg-Pro/chat-server/internal/service/mocks/chat_service_minimock.go:337.2,338.8 2 0
github.com/Oleg-Pro/chat-server/internal/service/mocks/chat_service_minimock.go:342.62,344.2 1 0
github.com/Oleg-Pro/chat-server/internal/service/mocks/chat_service_minimock.go:347.63,349.2 1 0
github.com/Oleg-Pro/chat-server/internal/service/mocks/chat_service_minimock.go:353.80,362.2 5 0
github.com/Oleg-Pro/chat-server/internal/service/mocks/chat_service_minimock.go:366.53,367.27 1 20
github.com/Oleg-Pro/chat-server/internal/service/mocks/chat_service_minimock.go:367.27,370.3 1 0
github.com/Oleg-Pro/chat-server/internal/service/mocks/chat_service_minimock.go:372.2,372.46 1 20
github.com/Oleg-Pro/chat-server/internal/service/mocks/chat_service_minimock.go:372.46,373.43 1 0
github.com/Oleg-Pro/chat-server/internal/service/mocks/chat_service_minimock.go:373.43,375.4 1 0
github.com/Oleg-Pro/chat-server/internal/service/mocks/chat_service_minimock.go:378.2,378.39 1 20
github.com/Oleg-Pro/chat-server/internal/service/mocks/chat_service_minimock.go:382.51,383.46 1 0
github.com/Oleg-Pro/chat-server/internal/service/mocks/chat_service_minimock.go:383.46,384.43 1 0
github.com/Oleg-Pro/chat-server/internal/service/mocks/chat_service_minimock.go:384.43,386.4 1 0
github.com/Oleg-Pro/chat-server/internal/service/mocks/chat_service_minimock.go:389.2,391.70 2 0
github.com/Oleg-Pro/chat-server/internal/service/mocks/chat_service_minimock.go:391.70,392.52 1 0
github.com/Oleg-Pro/chat-server/internal/service/mocks/chat_service_minimock.go:392.52,394.4 1 0
github.com/Oleg-Pro/chat-server/internal/service/mocks/chat_service_minimock.go:394.9,396.4 1 0
github.com/Oleg-Pro/chat-server/internal/service/mocks/chat_service_minimock.go:399.2,399.51 1 0
github.com/Oleg-Pro/chat-server/internal/service/mocks/chat_service_minimock.go:399.51,401.3 1 0
github.com/Oleg-Pro/chat-server/internal/service/mocks/chat_service_minimock.go:403.2,403.63 1 0
github.com/Oleg-Pro/chat-server/internal/service/mocks/chat_service_minimock.go:403.63,406.3 1 0
github.com/Oleg-Pro/chat-server/internal/service/mocks/chat_service_minimock.go:463.76,466.2 2 0
github.com/Oleg-Pro/chat-server/internal/service/mocks/chat_service_minimock.go:469.103,470.37 1 5
github.com/Oleg-Pro/chat-server/internal/service/mocks/chat_service_minimock.go:470.37,472.3 1 0
github.com/Oleg-Pro/chat-server/internal/service/mocks/chat_service_minimock.go:474.2,474.40 1 5
github.com/Oleg-Pro/chat-server/internal/service/mocks/chat_service_minimock.go:474.40,476.3 1 5
github.com/Oleg-Pro/chat-server/internal/service/mocks/chat_service_minimock.go:478.2,478.50 1 5
github.com/Oleg-Pro/chat-server/internal/service/mocks/chat_service_minimock.go:478.50,480.3 1 0
github.com/Oleg-Pro/chat-server/internal/service/mocks/chat_service_minimock.go:482.2,484.42 3 5
github.com/Oleg-Pro/chat-server/internal/service/mocks/chat_service_minimock.go:484.42,485.67 1 0
github.com/Oleg-Pro/chat-server/internal/service/mocks/chat_service_minimock.go:485.67,487.4 1 0
github.com/Oleg-Pro/chat-server/internal/service/mocks/chat_service_minimock.go:490.2,490.17 1 5
github.com/Oleg-Pro/chat-server/internal/service/mocks/chat_service_minimock.go:494.102,495.37 1 0
github.com/Oleg-Pro/chat-server/internal/service/mocks/chat_service_minimock.go:495.37,497.3 1 0
github.com/Oleg-Pro/chat-server/internal/service/mocks/chat_service_minimock.go:499.2,499.40 1 0
github.com/Oleg-Pro/chat-server/internal/service/mocks/chat_service_minimock.go:499.40,501.3 1 0
github.com/Oleg-Pro/chat-server/internal/service/mocks/chat_service_minimock.go:503.2,503.47 1 0
github.com/Oleg-Pro/chat-server/internal/service/mocks/chat_service_minimock.go:503.47,505.3 1 0
github.com/Oleg-Pro/chat-server/internal/service/mocks/chat_service_minimock.go:507.2,507.50 1 0
github.com/Oleg-Pro/chat-server/internal/service/mocks/chat_service_minimock.go:507.50,509.3 1 0
github.com/Oleg-Pro/chat-server/internal/service/mocks/chat_service_minimock.go:510.2,513.17 3 0
github.com/Oleg-Pro/chat-server/internal/service/mocks/chat_service_minimock.go:517.90,518.37 1 0
github.com/Oleg-Pro/chat-server/internal/service/mocks/chat_service_minimock.go:518.37,520.3 1 0
github.com/Oleg-Pro/chat-server/internal/service/mocks/chat_service_minimock.go:522.2,522.40 1 0
github.com/Oleg-Pro/chat-server/internal/service/mocks/chat_service_minimock.go:522.40,524.3 1 0
github.com/Oleg-Pro/chat-server/internal/service/mocks/chat_service_minimock.go:526.2,526.47 1 0
github.com/Oleg-Pro/chat-server/internal/service/mocks/chat_service_minimock.go:526.47,528.3 1 0
github.com/Oleg-Pro/chat-server/internal/service/mocks/chat_service_minimock.go:530.2,530.50 1 0
github.com/Oleg-Pro/chat-server/internal/service/mocks/chat_service_minimock.go:530.50,532.3 1 0
github.com/Oleg-Pro/chat-server/internal/service/mocks/chat_service_minimock.go:533.2,536.17 3 0
github.com/Oleg-Pro/chat-server/internal/service/mocks/chat_service_minimock.go:540.112,541.44 1 0
github.com/Oleg-Pro/chat-server/internal/service/mocks/chat_service_minimock.go:541.44,543.3 1 0
github.com/Oleg-Pro/chat-server/internal/service/mocks/chat_service_minimock.go:545.2,547.17 2 0
github.com/Oleg-Pro/chat-server/internal/service/mocks/chat_service_minimock.go:551.86,552.37 1 5
github.com/Oleg-Pro/chat-server/internal/service/mocks/chat_service_minimock.go:552.37,554.3 1 0
github.com/Oleg-Pro/chat-server/internal/service/mocks/chat_service_minimock.go:556.2,556.40 1 5
github.com/Oleg-Pro/chat-server/internal/service/mocks/chat_service_minimock.go:556.40,558.3 1 0
github.com/Oleg-Pro/chat-server/internal/service/mocks/chat_service_minimock.go:559.2,561.22 3 5
github.com/Oleg-Pro/chat-server/internal/service/mocks/chat_service_minimock.go:565.123,566.40 1 0
github.com/Oleg-Pro/chat-server/internal/service/mocks/chat_service_minimock.go:566.40,568.3 1 0
github.com/Oleg-Pro/chat-server/internal/service/mocks/chat_service_minimock.go:570.2,570.36 1 0
github.com/Oleg-Pro/chat-server/internal/service/mocks/chat_service_minimock.go:570.36,572.3 1 0
github.com/Oleg-Pro/chat-server/internal/service/mocks/chat_service_minimock.go:574.2,576.22 3 0
github.com/Oleg-Pro/chat-server/internal/service/mocks/chat_service_minimock.go:581.111,582.37 1 0
github.com/Oleg-Pro/chat-server/internal/service/mocks/chat_service_minimock.go:582.37,584.3 1 0
github.com/Oleg-Pro/chat-server/internal/service/mocks/chat_service_minimock.go:586.2,592.20 3 0
github.com/Oleg-Pro/chat-server/internal/service/mocks/chat_service_minimock.go:596.87,599.2 2 0
github.com/Oleg-Pro/chat-server/internal/service/mocks/chat_service_minimock.go:602.81,603.12 1 0
github.com/Oleg-Pro/chat-server/internal/service/mocks/chat_service_minimock.go:603.12,605.3 1 0
github.com/Oleg-Pro/chat-server/internal/service/mocks/chat_service_minimock.go:606.2,608.17 3 0
github.com/Oleg-Pro/chat-server/internal/service/mocks/chat_service_minimock.go:611.64,612.110 1 20
github.com/Oleg-Pro/chat-server/internal/service/mocks/chat_service_minimock.go:612.110,614.3 1 15
github.com/Oleg-Pro/chat-server/internal/service/mocks/chat_service_minimock.go:616.2,619.102 3 5
github.com/Oleg-Pro/chat-server/internal/service/mocks/chat_service_minimock.go:623.94,629.39 4 5
github.com/Oleg-Pro/chat-server/internal/service/mocks/chat_service_minimock.go:629.39,631.3 1 0
github.com/Oleg-Pro/chat-server/internal/service/mocks/chat_service_minimock.go:633.2,640.53 5 5
github.com/Oleg-Pro/chat-server/internal/service/mocks/chat_service_minimock.go:640.53,641.43 1 0
github.com/Oleg-Pro/chat-server/internal/service/mocks/chat_service_minimock.go:641.43,644.4 2 0
github.com/Oleg-Pro/chat-server/internal/service/mocks/chat_service_minimock.go:647.2,647.51 1 5
github.com/Oleg-Pro/chat-server/internal/service/mocks/chat_service_minimock.go:647.51,654.26 5 5
github.com/Oleg-Pro/chat-server/internal/service/mocks/chat_service_minimock.go:654.26,656.81 1 0
github.com/Oleg-Pro/chat-server/internal/service/mocks/chat_service_minimock.go:656.81,659.5 1 0
github.com/Oleg-Pro/chat-server/internal/service/mocks/chat_service_minimock.go:661.4,661.78 1 0
github.com/Oleg-Pro/chat-server/internal/service/mocks/chat_service_minimock.go:661.78,664.5 1 0
github.com/Oleg-Pro/chat-server/internal/service/mocks/chat_service_minimock.go:666.9,666.65 1 5
github.com/Oleg-Pro/chat-server/internal/service/mocks/chat_service_minimock.go:666.65,669.4 1 5
github.com/Oleg-Pro/chat-server/internal/service/mocks/chat_service_minimock.go:671.3,672.24 2 5
github.com/Oleg-Pro/chat-server/internal/service/mocks/chat_service_minimock.go:672.24,674.4 1 0
github.com/Oleg-Pro/chat-server/internal/service/mocks/chat_service_minimock.go:675.3,675.45 1 5
github.com/Oleg-Pro/chat-server/internal/service/mocks/chat_service_minimock.go:677.2,677.32 1 0
github.com/Oleg-Pro/chat-server/internal/service/mocks/chat_service_minimock.go:677.32,679.3 1 0
github.com/Oleg-Pro/chat-server/internal/service/mocks/chat_service_minimock.go:680.2,681.8 2 0
github.com/Oleg-Pro/chat-server/internal/service/mocks/chat_service_minimock.go:685.62,687.2 1 0
github.com/Oleg-Pro/chat-server/internal/service/mocks/chat_service_minimock.go:690.63,692.2 1 0
github.com/Oleg-Pro/chat-server/internal/service/mocks/chat_service_minimock.go:696.80,705.2 5 0
github.com/Oleg-Pro/chat-server/internal/service/mocks/chat_service_minimock.go:709.53,710.27 1 20
github.com/Oleg-Pro/chat-server/internal/service/mocks/chat_service_minimock.go:710.27,713.3 1 0
github.com/Oleg-Pro/chat-server/internal/service/mocks/chat_service_minimock.go:715.2,715.46 1 20
github.com/Oleg-Pro/chat-server/internal/service/mocks/chat_service_minimock.go:715.46,716.43 1 0
github.com/Oleg-Pro/chat-server/internal/service/mocks/chat_service_minimock.go:716.43,718.4 1 0
github.com/Oleg-Pro/chat-server/internal/service/mocks/chat_service_minimock.go:721.2,721.39 1 20
github.com/Oleg-Pro/chat-server/internal/service/mocks/chat_service_minimock.go:725.51,726.46 1 0
github.com/Oleg-Pro/chat-server/internal/service/mocks/chat_service_minimock.go:726.46,727.43 1 0
github.com/Oleg-Pro/chat-server/internal/service/mocks/chat_service_minimock.go:727.43,729.4 1 0
github.com/Oleg-Pro/chat-server/internal/service/mocks/chat_service_minimock.go:732.2,734.70 2 0
github.com/Oleg-Pro/chat-server/internal/service/mocks/chat_service_minimock.go:734.70,735.52 1 0
github.com/Oleg-Pro/chat-server/internal/service/mocks/chat_service_minimock.go:735.52,737.4 1 0
github.com/Oleg-Pro/chat-server/internal/service/mocks/chat_service_minimock.go:737.9,739.4 1 0
github.com/Oleg-Pro/chat-server/internal/service/mocks/chat_service_minimock.go:742.2,742.51 1 0
github.com/Oleg-Pro/chat-server/internal/service/mocks/chat_service_minimock.go:742.51,744.3 1 0
github.com/Oleg-Pro/chat-server/internal/service/mocks/chat_service_minimock.go:746.2,746.63 1 0
github.com/Oleg-Pro/chat-server/internal/service/mocks/chat_service_minimock.go:746.63,749.3 1 0
github.com/Oleg-Pro/chat-server/internal/service/mocks/chat_service_minimock.go:805.91,808.2 2 0
github.com/Oleg-Pro/chat-server/internal/service/mocks/chat_service_minimock.go:811.140,812.47 1 5
github.com/Oleg-Pro/chat-server/internal/service/mocks/chat_service_minimock.go:812.47,814.3 1 0
github.com/Oleg-Pro/chat-server/internal/service/mocks/chat_service_minimock.go:816.2,816.45 1 5
github.com/Oleg-Pro/chat-server/internal/service/mocks/chat_service_minimock.go:816.45,818.3 1 5
github.com/Oleg-Pro/chat-server/internal/service/mocks/chat_service_minimock.go:820.2,820.55 1 5
github.com/Oleg-Pro/chat-server/internal/service/mocks/chat_service_minimock.go:820.55,822.3 1 0
github.com/Oleg-Pro/chat-server/internal/service/mocks/chat_service_minimock.go:824.2,826.47 3 5
github.com/Oleg-Pro/chat-server/internal/service/mocks/chat_service_minimock.go:826.47,827.72 1 0
github.com/Oleg-Pro/chat-server/internal/service/mocks/chat_service_minimock.go:827.72,829.4 1 0
github.com/Oleg-Pro/chat-server/internal/service/mocks/chat_service_minimock.go:832.2,832.22 1 5
github.com/Oleg-Pro/chat-server/internal/service/mocks/chat_service_minimock.go:836.117,837.47 1 0
github.com/Oleg-Pro/chat-server/internal/service/mocks/chat_service_minimock.go:837.47,839.3 1 0
github.com/Oleg-Pro/chat-server/internal/service/mocks/chat_service_minimock.go:841.2,841.45 1 0
github.com/Oleg-Pro/chat-server/internal/service/mocks/chat_service_minimock.go:841.45,843.3 1 0
github.com/Oleg-Pro/chat-server/internal/service/mocks/chat_service_minimock.go:845.2,845.52 1 0
github.com/Oleg-Pro/chat-server/internal/service/mocks/chat_service_minimock.go:845.52,847.3 1 0
github.com/Oleg-Pro/chat-server/internal/service/mocks/chat_service_minimock.go:849.2,849.55 1 0
github.com/Oleg-Pro/chat-server/internal/service/mocks/chat_service_minimock.go:849.55,851.3 1 0
github.com/Oleg-Pro/chat-server/internal/service/mocks/chat_service_minimock.go:852.2,855.22 3 0
github.com/Oleg-Pro/chat-server/internal/service/mocks/chat_service_minimock.go:859.136,860.47 1 0
github.com/Oleg-Pro/chat-server/internal/service/mocks/chat_service_minimock.go:860.47,862.3 1 0
github.com/Oleg-Pro/chat-server/internal/service/mocks/chat_service_minimock.go:864.2,864.45 1 0
github.com/Oleg-Pro/chat-server/internal/service/mocks/chat_service_minimock.go:864.45,866.3 1 0
github.com/Oleg-Pro/chat-server/internal/service/mocks/chat_service_minimock.go:868.2,868.52 1 0
github.com/Oleg-Pro/chat-server/internal/service/mocks/chat_service_minimock.go:868.52,870.3 1 0
github.com/Oleg-Pro/chat-server/internal/service/mocks/chat_service_minimock.go:872.2,872.55 1 0
github.com/Oleg-Pro/chat-server/internal/service/mocks/chat_service_minimock.go:872.55,874.3 1 0
github.com/Oleg-Pro/chat-server/internal/service/mocks/chat_service_minimock.go:875.2,878.22 3 0
github.com/Oleg-Pro/chat-server/internal/service/mocks/chat_service_minimock.go:882.149,883.54 1 0
github.com/Oleg-Pro/chat-server/internal/service/mocks/chat_service_minimock.go:883.54,885.3 1 0
github.com/Oleg-Pro/chat-server/internal/service/mocks/chat_service_minimock.go:887.2,889.22 2 0
github.com/Oleg-Pro/chat-server/internal/service/mocks/chat_service_minimock.go:893.86,894.47 1 5
github.com/Oleg-Pro/chat-server/internal/service/mocks/chat_service_minimock.go:894.47,896.3 1 0
github.com/Oleg-Pro/chat-server/internal/service/mocks/chat_service_minimock.go:898.2,898.45 1 5
github.com/Oleg-Pro/chat-server/internal/service/mocks/chat_service_minimock.go:898.45,900.3 1 0
github.com/Oleg-Pro/chat-server/internal/service/mocks/chat_service_minimock.go:901.2,903.27 3 5
github.com/Oleg-Pro/chat-server/internal/service/mocks/chat_service_minimock.go:907.145,908.45 1 0
github.com/Oleg-Pro/chat-server/internal/service/mocks/chat_service_minimock.go:908.45,910.3 1 0
github.com/Oleg-Pro/chat-server/internal/service/mocks/chat_service_minimock.go:912.2,912.41 1 0
github.com/Oleg-Pro/chat-server/internal/service/mocks/chat_service_minimock.go:912.41,914.3 1 0
github.com/Oleg-Pro/chat-server/internal/service/mocks/chat_service_minimock.go:916.2,918.27 3 0
github.com/Oleg-Pro/chat-server/internal/service/mocks/chat_service_minimock.go:923.148,924.47 1 0
github.com/Oleg-Pro/chat-server/internal/service/mocks/chat_service_minimock.go:924.47,926.3 1 0
github.com/Oleg-Pro/chat-server/internal/service/mocks/chat_service_minimock.go:928.2,934.20 3 0
github.com/Oleg-Pro/chat-server/internal/service/mocks/chat_service_minimock.go:938.82,941.2 2 0
github.com/Oleg-Pro/chat-server/internal/service/mocks/chat_service_minimock.go:944.96,945.12 1 0
github.com/Oleg-Pro/chat-server/internal/service/mocks/chat_service_minimock.go:945.12,947.3 1 0
github.com/Oleg-Pro/chat-server/internal/service/mocks/chat_service_minimock.go:948.2,950.22 3 0
github.com/Oleg-Pro/chat-server/internal/service/mocks/chat_service_minimock.go:953.74,954.130 1 20
github.com/Oleg-Pro/chat-server/internal/service/mocks/chat_service_minimock.go:954.130,956.3 1 15
github.com/Oleg-Pro/chat-server/internal/service/mocks/chat_service_minimock.go:958.2,961.102 3 5
github.com/Oleg-Pro/chat-server/internal/service/mocks/chat_service_minimock.go:965.116,971.49 4 5
github.com/Oleg-Pro/chat-server/internal/service/mocks/chat_service_minimock.go:971.49,973.3 1 0
github.com/Oleg-Pro/chat-server/internal/service/mocks/chat_service_minimock.go:975.2,982.63 5 5
github.com/Oleg-Pro/chat-server/internal/service/mocks/chat_service_minimock.go:982.63,983.43 1 0
github.com/Oleg-Pro/chat-server/internal/service/mocks/chat_service_minimock.go:983.43,986.4 2 0
github.com/Oleg-Pro/chat-server/internal/service/mocks/chat_service_minimock.go:989.2,989.61 1 5
github.com/Oleg-Pro/chat-server/internal/service/mocks/chat_service_minimock.go:989.61,996.26 5 5
github.com/Oleg-Pro/chat-server/internal/service/mocks/chat_service_minimock.go:996.26,998.81 1 0
github.com/Oleg-Pro/chat-server/internal/service/mocks/chat_service_minimock.go:998.81,1001.5 1 0
github.com/Oleg-Pro/chat-server/internal/service/mocks/chat_service_minimock.go:1003.4,1003.105 1 0
github.com/Oleg-Pro/chat-server/internal/service/mocks/chat_service_minimock.go:1003.105,1006.5 1 0
github.com/Oleg-Pro/chat-server/internal/service/mocks/chat_service_minimock.go:1008.9,1008.65 1 5
github.com/Oleg-Pro/chat-server/internal/service/mocks/chat_service_minimock.go:1008.65,1011.4 1 0
github.com/Oleg-Pro/chat-server/internal/service/mocks/chat_service_minimock.go:1013.3,1014.24 2 5
github.com/Oleg-Pro/chat-server/internal/service/mocks/chat_service_minimock.go:1014.24,1016.4 1 0
github.com/Oleg-Pro/chat-server/internal/service/mocks/chat_service_minimock.go:1017.3,1017.27 1 5
github.com/Oleg-Pro/chat-server/internal/service/mocks/chat_service_minimock.go:1019.2,1019.42 1 0
github.com/Oleg-Pro/chat-server/internal/service/mocks/chat_service_minimock.go:1019.42,1021.3 1 0
github.com/Oleg-Pro/chat-server/internal/service/mocks/chat_service_minimock.go:1022.2,1023.8 2 0
github.com/Oleg-Pro/chat-server/internal/service/mocks/chat_service_minimock.go:1027.72,1029.2 1 0
github.com/Oleg-Pro/chat-server/internal/service/mocks/chat_service_minimock.go:1032.73,1034.2 1 0
github.com/Oleg-Pro/chat-server/internal/service/mocks/chat_service_minimock.go:1038.95,1047.2 5 0
github.com/Oleg-Pro/chat-server/internal/service/mocks/chat_service_minimock.go:1051.58,1052.32 1 20
github.com/Oleg-Pro/chat-server/internal/service/mocks/chat_service_minimock.go:1052.32,1055.3 1 0
github.com/Oleg-Pro/chat-server/internal/service/mocks/chat_service_minimock.go:1057.2,1057.51 1 20
github.com/Oleg-Pro/chat-server/internal/service/mocks/chat_service_minimock.go:1057.51,1058.43 1 0
github.com/Oleg-Pro/chat-server/internal/service/mocks/chat_service_minimock.go:1058.43,1060.4 1 0
github.com/Oleg-Pro/chat-server/internal/service/mocks/chat_service_minimock.go:1063.2,1063.44 1 20
github.com/Oleg-Pro/chat-server/internal/service/mocks/chat_service_minimock.go:1067.56,1068.51 1 0
github.com/Oleg-Pro/chat-server/internal/service/mocks/chat_service_minimock.go:1068.51,1069.43 1 0
github.com/Oleg-Pro/chat-server/internal/service/mocks/chat_service_minimock.go:1069.43,1071.4 1 0
github.com/Oleg-Pro/chat-server/internal/service/mocks/chat_service_minimock.go:1074.2,1076.80 2 0
github.com/Oleg-Pro/chat-server/internal/service/mocks/chat_service_minimock.go:1076.80,1077.57 1 0
github.com/Oleg-Pro/chat-server/internal/service/mocks/chat_service_minimock.go:1077.57,1079.4 1 0
github.com/Oleg-Pro/chat-server/internal/service/mocks/chat_service_minimock.go:1079.9,1081.4 1 0
github.com/Oleg-Pro/chat-server/internal/service/mocks/chat_service_minimock.go:1084.2,1084.61 1 0
github.com/Oleg-Pro/chat-server/internal/service/mocks/chat_service_minimock.go:1084.61,1086.3 1 0
github.com/Oleg-Pro/chat-server/internal/service/mocks/chat_service_minimock.go:1088.2,1088.73 1 0
github.com/Oleg-Pro/chat-server/internal/service/mocks/chat_service_minimock.go:1088.73,1091.3 1 0
github.com/Oleg-Pro/chat-server/internal/service/mocks/chat_service_minimock.go:1095.44,1096.25 1 60
github.com/Oleg-Pro/chat-server/internal/service/mocks/chat_service_minimock.go:1096.25,1097.24 1 20
github.com/Oleg-Pro/chat-server/internal/service/mocks/chat_service_minimock.go:1097.24,1103.4 3 0
github.com/Oleg-Pro/chat-server/internal/service/mocks/chat_service_minimock.go:1108.66,1110.6 2 0
github.com/Oleg-Pro/chat-server/internal/service/mocks/chat_service_minimock.go:1110.6,1111.23 1 0
github.com/Oleg-Pro/chat-server/internal/service/mocks/chat_service_minimock.go:1111.23,1113.4 1 0
github.com/Oleg-Pro/chat-server/internal/service/mocks/chat_service_minimock.go:1114.3,1114.10 1 0
github.com/Oleg-Pro/chat-server/internal/service/mocks/chat_service_minimock.go:1115.20,1117.10 2 0
github.com/Oleg-Pro/chat-server/internal/service/mocks/chat_service_minimock.go:1118.50,1118.50 0 0
github.com/Oleg-Pro/chat-server/internal/service/mocks/chat_service_minimock.go:1123.47,1129.2 2 20
github.com/Oleg-Pro/chat-server/internal/service/chat/create.go:9.81,11.2 1 0
github.com/Oleg-Pro/chat-server/internal/service/chat/delete.go:7.69,9.2 1 0
github.com/Oleg-Pro/chat-server/internal/service/chat/send_message.go:9.75,11.2 1 0
github.com/Oleg-Pro/chat-server/internal/service/chat/service.go:13.72,15.2 1 0
github.com/Oleg-Pro/chat-server/internal/service/mocks/chat_service_minimock.go:45.61,48.55 2 0
github.com/Oleg-Pro/chat-server/internal/service/mocks/chat_service_minimock.go:48.55,50.3 1 0
github.com/Oleg-Pro/chat-server/internal/service/mocks/chat_service_minimock.go:52.2,63.10 8 0
github.com/Oleg-Pro/chat-server/internal/service/mocks/chat_service_minimock.go:120.76,123.2 2 0
github.com/Oleg-Pro/chat-server/internal/service/mocks/chat_service_minimock.go:126.115,127.37 1 0
github.com/Oleg-Pro/chat-server/internal/service/mocks/chat_service_minimock.go:127.37,129.3 1 0
github.com/Oleg-Pro/chat-server/internal/service/mocks/chat_service_minimock.go:131.2,131.40 1 0
github.com/Oleg-Pro/chat-server/internal/service/mocks/chat_service_minimock.go:131.40,133.3 1 0
github.com/Oleg-Pro/chat-server/internal/service/mocks/chat_service_minimock.go:135.2,135.50 1 0
github.com/Oleg-Pro/chat-server/internal/service/mocks/chat_service_minimock.go:135.50,137.3 1 0
github.com/Oleg-Pro/chat-server/internal/service/mocks/chat_service_minimock.go:139.2,141.42 3 0
github.com/Oleg-Pro/chat-server/internal/service/mocks/chat_service_minimock.go:141.42,142.67 1 0
github.com/Oleg-Pro/chat-server/internal/service/mocks/chat_service_minimock.go:142.67,144.4 1 0
github.com/Oleg-Pro/chat-server/internal/service/mocks/chat_service_minimock.go:147.2,147.17 1 0
github.com/Oleg-Pro/chat-server/internal/service/mocks/chat_service_minimock.go:151.102,152.37 1 0
github.com/Oleg-Pro/chat-server/internal/service/mocks/chat_service_minimock.go:152.37,154.3 1 0
github.com/Oleg-Pro/chat-server/internal/service/mocks/chat_service_minimock.go:156.2,156.40 1 0
github.com/Oleg-Pro/chat-server/internal/service/mocks/chat_service_minimock.go:156.40,158.3 1 0
github.com/Oleg-Pro/chat-server/internal/service/mocks/chat_service_minimock.go:160.2,160.47 1 0
github.com/Oleg-Pro/chat-server/internal/service/mocks/chat_service_minimock.go:160.47,162.3 1 0
github.com/Oleg-Pro/chat-server/internal/service/mocks/chat_service_minimock.go:164.2,164.50 1 0
github.com/Oleg-Pro/chat-server/internal/service/mocks/chat_service_minimock.go:164.50,166.3 1 0
github.com/Oleg-Pro/chat-server/internal/service/mocks/chat_service_minimock.go:167.2,170.17 3 0
github.com/Oleg-Pro/chat-server/internal/service/mocks/chat_service_minimock.go:174.104,175.37 1 0
github.com/Oleg-Pro/chat-server/internal/service/mocks/chat_service_minimock.go:175.37,177.3 1 0
github.com/Oleg-Pro/chat-server/internal/service/mocks/chat_service_minimock.go:179.2,179.40 1 0
github.com/Oleg-Pro/chat-server/internal/service/mocks/chat_service_minimock.go:179.40,181.3 1 0
github.com/Oleg-Pro/chat-server/internal/service/mocks/chat_service_minimock.go:183.2,183.47 1 0
github.com/Oleg-Pro/chat-server/internal/service/mocks/chat_service_minimock.go:183.47,185.3 1 0
github.com/Oleg-Pro/chat-server/internal/service/mocks/chat_service_minimock.go:187.2,187.50 1 0
github.com/Oleg-Pro/chat-server/internal/service/mocks/chat_service_minimock.go:187.50,189.3 1 0
github.com/Oleg-Pro/chat-server/internal/service/mocks/chat_service_minimock.go:190.2,193.17 3 0
github.com/Oleg-Pro/chat-server/internal/service/mocks/chat_service_minimock.go:197.124,198.44 1 0
github.com/Oleg-Pro/chat-server/internal/service/mocks/chat_service_minimock.go:198.44,200.3 1 0
github.com/Oleg-Pro/chat-server/internal/service/mocks/chat_service_minimock.go:202.2,204.17 2 0
github.com/Oleg-Pro/chat-server/internal/service/mocks/chat_service_minimock.go:208.86,209.37 1 0
github.com/Oleg-Pro/chat-server/internal/service/mocks/chat_service_minimock.go:209.37,211.3 1 0
github.com/Oleg-Pro/chat-server/internal/service/mocks/chat_service_minimock.go:213.2,213.40 1 0
github.com/Oleg-Pro/chat-server/internal/service/mocks/chat_service_minimock.go:213.40,215.3 1 0
github.com/Oleg-Pro/chat-server/internal/service/mocks/chat_service_minimock.go:216.2,218.22 3 0
github.com/Oleg-Pro/chat-server/internal/service/mocks/chat_service_minimock.go:222.135,223.40 1 0
github.com/Oleg-Pro/chat-server/internal/service/mocks/chat_service_minimock.go:223.40,225.3 1 0
github.com/Oleg-Pro/chat-server/internal/service/mocks/chat_service_minimock.go:227.2,227.36 1 0
github.com/Oleg-Pro/chat-server/internal/service/mocks/chat_service_minimock.go:227.36,229.3 1 0
github.com/Oleg-Pro/chat-server/internal/service/mocks/chat_service_minimock.go:231.2,233.22 3 0
github.com/Oleg-Pro/chat-server/internal/service/mocks/chat_service_minimock.go:238.123,239.37 1 0
github.com/Oleg-Pro/chat-server/internal/service/mocks/chat_service_minimock.go:239.37,241.3 1 0
github.com/Oleg-Pro/chat-server/internal/service/mocks/chat_service_minimock.go:243.2,249.20 3 0
github.com/Oleg-Pro/chat-server/internal/service/mocks/chat_service_minimock.go:253.87,256.2 2 0
github.com/Oleg-Pro/chat-server/internal/service/mocks/chat_service_minimock.go:259.81,260.12 1 0
github.com/Oleg-Pro/chat-server/internal/service/mocks/chat_service_minimock.go:260.12,262.3 1 0
github.com/Oleg-Pro/chat-server/internal/service/mocks/chat_service_minimock.go:263.2,265.17 3 0
github.com/Oleg-Pro/chat-server/internal/service/mocks/chat_service_minimock.go:268.64,269.110 1 0
github.com/Oleg-Pro/chat-server/internal/service/mocks/chat_service_minimock.go:269.110,271.3 1 0
github.com/Oleg-Pro/chat-server/internal/service/mocks/chat_service_minimock.go:273.2,276.102 3 0
github.com/Oleg-Pro/chat-server/internal/service/mocks/chat_service_minimock.go:280.106,286.39 4 0
github.com/Oleg-Pro/chat-server/internal/service/mocks/chat_service_minimock.go:286.39,288.3 1 0
github.com/Oleg-Pro/chat-server/internal/service/mocks/chat_service_minimock.go:290.2,297.53 5 0
github.com/Oleg-Pro/chat-server/internal/service/mocks/chat_service_minimock.go:297.53,298.43 1 0
github.com/Oleg-Pro/chat-server/internal/service/mocks/chat_service_minimock.go:298.43,301.4 2 0
github.com/Oleg-Pro/chat-server/internal/service/mocks/chat_service_minimock.go:304.2,304.51 1 0
github.com/Oleg-Pro/chat-server/internal/service/mocks/chat_service_minimock.go:304.51,311.26 5 0
github.com/Oleg-Pro/chat-server/internal/service/mocks/chat_service_minimock.go:311.26,313.81 1 0
github.com/Oleg-Pro/chat-server/internal/service/mocks/chat_service_minimock.go:313.81,316.5 1 0
github.com/Oleg-Pro/chat-server/internal/service/mocks/chat_service_minimock.go:318.4,318.84 1 0
github.com/Oleg-Pro/chat-server/internal/service/mocks/chat_service_minimock.go:318.84,321.5 1 0
github.com/Oleg-Pro/chat-server/internal/service/mocks/chat_service_minimock.go:323.9,323.65 1 0
github.com/Oleg-Pro/chat-server/internal/service/mocks/chat_service_minimock.go:323.65,326.4 1 0
github.com/Oleg-Pro/chat-server/internal/service/mocks/chat_service_minimock.go:328.3,329.24 2 0
github.com/Oleg-Pro/chat-server/internal/service/mocks/chat_service_minimock.go:329.24,331.4 1 0
github.com/Oleg-Pro/chat-server/internal/service/mocks/chat_service_minimock.go:332.3,332.45 1 0
github.com/Oleg-Pro/chat-server/internal/service/mocks/chat_service_minimock.go:334.2,334.32 1 0
github.com/Oleg-Pro/chat-server/internal/service/mocks/chat_service_minimock.go:334.32,336.3 1 0
github.com/Oleg-Pro/chat-server/internal/service/mocks/chat_service_minimock.go:337.2,338.8 2 0
github.com/Oleg-Pro/chat-server/internal/service/mocks/chat_service_minimock.go:342.62,344.2 1 0
github.com/Oleg-Pro/chat-server/internal/service/mocks/chat_service_minimock.go:347.63,349.2 1 0
github.com/Oleg-Pro/chat-server/internal/service/mocks/chat_service_minimock.go:353.80,362.2 5 0
github.com/Oleg-Pro/chat-server/internal/service/mocks/chat_service_minimock.go:366.53,367.27 1 0
github.com/Oleg-Pro/chat-server/internal/service/mocks/chat_service_minimock.go:367.27,370.3 1 0
github.com/Oleg-Pro/chat-server/internal/service/mocks/chat_service_minimock.go:372.2,372.46 1 0
github.com/Oleg-Pro/chat-server/internal/service/mocks/chat_service_minimock.go:372.46,373.43 1 0
github.com/Oleg-Pro/chat-server/internal/service/mocks/chat_service_minimock.go:373.43,375.4 1 0
github.com/Oleg-Pro/chat-server/internal/service/mocks/chat_service_minimock.go:378.2,378.39 1 0
github.com/Oleg-Pro/chat-server/internal/service/mocks/chat_service_minimock.go:382.51,383.46 1 0
github.com/Oleg-Pro/chat-server/internal/service/mocks/chat_service_minimock.go:383.46,384.43 1 0
github.com/Oleg-Pro/chat-server/internal/service/mocks/chat_service_minimock.go:384.43,386.4 1 0
github.com/Oleg-Pro/chat-server/internal/service/mocks/chat_service_minimock.go:389.2,391.70 2 0
github.com/Oleg-Pro/chat-server/internal/service/mocks/chat_service_minimock.go:391.70,392.52 1 0
github.com/Oleg-Pro/chat-server/internal/service/mocks/chat_service_minimock.go:392.52,394.4 1 0
github.com/Oleg-Pro/chat-server/internal/service/mocks/chat_service_minimock.go:394.9,396.4 1 0
github.com/Oleg-Pro/chat-server/internal/service/mocks/chat_service_minimock.go:399.2,399.51 1 0
github.com/Oleg-Pro/chat-server/internal/service/mocks/chat_service_minimock.go:399.51,401.3 1 0
github.com/Oleg-Pro/chat-server/internal/service/mocks/chat_service_minimock.go:403.2,403.63 1 0
github.com/Oleg-Pro/chat-server/internal/service/mocks/chat_service_minimock.go:403.63,406.3 1 0
github.com/Oleg-Pro/chat-server/internal/service/mocks/chat_service_minimock.go:463.76,466.2 2 0
github.com/Oleg-Pro/chat-server/internal/service/mocks/chat_service_minimock.go:469.103,470.37 1 0
github.com/Oleg-Pro/chat-server/internal/service/mocks/chat_service_minimock.go:470.37,472.3 1 0
github.com/Oleg-Pro/chat-server/internal/service/mocks/chat_service_minimock.go:474.2,474.40 1 0
github.com/Oleg-Pro/chat-server/internal/service/mocks/chat_service_minimock.go:474.40,476.3 1 0
github.com/Oleg-Pro/chat-server/internal/service/mocks/chat_service_minimock.go:478.2,478.50 1 0
github.com/Oleg-Pro/chat-server/internal/service/mocks/chat_service_minimock.go:478.50,480.3 1 0
github.com/Oleg-Pro/chat-server/internal/service/mocks/chat_service_minimock.go:482.2,484.42 3 0
github.com/Oleg-Pro/chat-server/internal/service/mocks/chat_service_minimock.go:484.42,485.67 1 0
github.com/Oleg-Pro/chat-server/internal/service/mocks/chat_service_minimock.go:485.67,487.4 1 0
github.com/Oleg-Pro/chat-server/internal/service/mocks/chat_service_minimock.go:490.2,490.17 1 0
github.com/Oleg-Pro/chat-server/internal/service/mocks/chat_service_minimock.go:494.102,495.37 1 0
github.com/Oleg-Pro/chat-server/internal/service/mocks/chat_service_minimock.go:495.37,497.3 1 0
github.com/Oleg-Pro/chat-server/internal/service/mocks/chat_service_minimock.go:499.2,499.40 1 0
github.com/Oleg-Pro/chat-server/internal/service/mocks/chat_service_minimock.go:499.40,501.3 1 0
github.com/Oleg-Pro/chat-server/internal/service/mocks/chat_service_minimock.go:503.2,503.47 1 0
github.com/Oleg-Pro/chat-server/internal/service/mocks/chat_service_minimock.go:503.47,505.3 1 0
github.com/Oleg-Pro/chat-server/internal/service/mocks/chat_service_minimock.go:507.2,507.50 1 0
github.com/Oleg-Pro/chat-server/internal/service/mocks/chat_service_minimock.go:507.50,509.3 1 0
github.com/Oleg-Pro/chat-server/internal/service/mocks/chat_service_minimock.go:510.2,513.17 3 0
github.com/Oleg-Pro/chat-server/internal/service/mocks/chat_service_minimock.go:517.90,518.37 1 0
github.com/Oleg-Pro/chat-server/internal/service/mocks/chat_service_minimock.go:518.37,520.3 1 0
github.com/Oleg-Pro/chat-server/internal/service/mocks/chat_service_minimock.go:522.2,522.40 1 0
github.com/Oleg-Pro/chat-server/internal/service/mocks/chat_service_minimock.go:522.40,524.3 1 0
github.com/Oleg-Pro/chat-server/internal/service/mocks/chat_service_minimock.go:526.2,526.47 1 0
github.com/Oleg-Pro/chat-server/internal/service/mocks/chat_service_minimock.go:526.47,528.3 1 0
github.com/Oleg-Pro/chat-server/internal/service/mocks/chat_service_minimock.go:530.2,530.50 1 0
github.com/Oleg-Pro/chat-server/internal/service/mocks/chat_service_minimock.go:530.50,532.3 1 0
github.com/Oleg-Pro/chat-server/internal/service/mocks/chat_service_minimock.go:533.2,536.17 3 0
github.com/Oleg-Pro/chat-server/internal/service/mocks/chat_service_minimock.go:540.112,541.44 1 0
github.com/Oleg-Pro/chat-server/internal/service/mocks/chat_service_minimock.go:541.44,543.3 1 0
github.com/Oleg-Pro/chat-server/internal/service/mocks/chat_service_minimock.go:545.2,547.17 2 0
github.com/Oleg-Pro/chat-server/internal/service/mocks/chat_service_minimock.go:551.86,552.37 1 0
github.com/Oleg-Pro/chat-server/internal/service/mocks/chat_service_minimock.go:552.37,554.3 1 0
github.com/Oleg-Pro/chat-server/internal/service/mocks/chat_service_minimock.go:556.2,556.40 1 0
github.com/Oleg-Pro/chat-server/internal/service/mocks/chat_service_minimock.go:556.40,558.3 1 0
github.com/Oleg-Pro/chat-server/internal/service/mocks/chat_service_minimock.go:559.2,561.22 3 0
github.com/Oleg-Pro/chat-server/internal/service/mocks/chat_service_minimock.go:565.123,566.40 1 0
github.com/Oleg-Pro/chat-server/internal/service/mocks/chat_service_minimock.go:566.40,568.3 1 0
github.com/Oleg-Pro/chat-server/internal/service/mocks/chat_service_minimock.go:570.2,570.36 1 0
github.com/Oleg-Pro/chat-server/internal/service/mocks/chat_service_minimock.go:570.36,572.3 1 0
github.com/Oleg-Pro/chat-server/internal/service/mocks/chat_service_minimock.go:574.2,576.22 3 0
github.com/Oleg-Pro/chat-server/internal/service/mocks/chat_service_minimock.go:581.111,582.37 1 0
github.com/Oleg-Pro/chat-server/internal/service/mocks/chat_service_minimock.go:582.37,584.3 1 0
github.com/Oleg-Pro/chat-server/internal/service/mocks/chat_service_minimock.go:586.2,592.20 3 0
github.com/Oleg-Pro/chat-server/internal/service/mocks/chat_service_minimock.go:596.87,599.2 2 0
github.com/Oleg-Pro/chat-server/internal/service/mocks/chat_service_minimock.go:602.81,603.12 1 0
github.com/Oleg-Pro/chat-server/internal/service/mocks/chat_service_minimock.go:603.12,605.3 1 0
github.com/Oleg-Pro/chat-server/internal/service/mocks/chat_service_minimock.go:606.2,608.17 3 0
github.com/Oleg-Pro/chat-server/internal/service/mocks/chat_service_minimock.go:611.64,612.110 1 0
github.com/Oleg-Pro/chat-server/internal/service/mocks/chat_service_minimock.go:612.110,614.3 1 0
github.com/Oleg-Pro/chat-server/internal/service/mocks/chat_service_minimock.go:616.2,619.102 3 0
github.com/Oleg-Pro/chat-server/internal/service/mocks/chat_service_minimock.go:623.94,629.39 4 0
github.com/Oleg-Pro/chat-server/internal/service/mocks/chat_service_minimock.go:629.39,631.3 1 0
github.com/Oleg-Pro/chat-server/internal/service/mocks/chat_service_minimock.go:633.2,640.53 5 0
github.com/Oleg-Pro/chat-server/internal/service/mocks/chat_service_minimock.go:640.53,641.43 1 0
github.com/Oleg-Pro/chat-server/internal/service/mocks/chat_service_minimock.go:641.43,644.4 2 0
github.com/Oleg-Pro/chat-server/internal/service/mocks/chat_service_minimock.go:647.2,647.51 1 0
github.com/Oleg-Pro/chat-server/internal/service/mocks/chat_service_minimock.go:647.51,654.26 5 0
github.com/Oleg-Pro/chat-server/internal/service/mocks/chat_service_minimock.go:654.26,656.81 1 0
github.com/Oleg-Pro/chat-server/internal/service/mocks/chat_service_minimock.go:656.81,659.5 1 0
github.com/Oleg-Pro/chat-server/internal/service/mocks/chat_service_minimock.go:661.4,661.78 1 0
github.com/Oleg-Pro/chat-server/internal/service/mocks/chat_service_minimock.go:661.78,664.5 1 0
github.com/Oleg-Pro/chat-server/internal/service/mocks/chat_service_minimock.go:666.9,666.65 1 0
github.com/Oleg-Pro/chat-server/internal/service/mocks/chat_service_minimock.go:666.65,669.4 1 0
github.com/Oleg-Pro/chat-server/internal/service/mocks/chat_service_minimock.go:671.3,672.24 2 0
github.com/Oleg-Pro/chat-server/internal/service/mocks/chat_service_minimock.go:672.24,674.4 1 0
github.com/Oleg-Pro/chat-server/internal/service/mocks/chat_service_minimock.go:675.3,675.45 1 0
github.com/Oleg-Pro/chat-server/internal/service/mocks/chat_service_minimock.go:677.2,677.32 1 0
github.com/Oleg-Pro/chat-server/internal/service/mocks/chat_service_minimock.go:677.32,679.3 1 0
github.com/Oleg-Pro/chat-server/internal/service/mocks/chat_service_minimock.go:680.2,681.8 2 0
github.com/Oleg-Pro/chat-server/internal/service/mocks/chat_service_minimock.go:685.62,687.2 1 0
github.com/Oleg-Pro/chat-server/internal/service/mocks/chat_service_minimock.go:690.63,692.2 1 0
github.com/Oleg-Pro/chat-server/internal/service/mocks/chat_service_minimock.go:696.80,705.2 5 0
github.com/Oleg-Pro/chat-server/internal/service/mocks/chat_service_minimock.go:709.53,710.27 1 0
github.com/Oleg-Pro/chat-server/internal/service/mocks/chat_service_minimock.go:710.27,713.3 1 0
github.com/Oleg-Pro/chat-server/internal/service/mocks/chat_service_minimock.go:715.2,715.46 1 0
github.com/Oleg-Pro/chat-server/internal/service/mocks/chat_service_minimock.go:715.46,716.43 1 0
github.com/Oleg-Pro/chat-server/internal/service/mocks/chat_service_minimock.go:716.43,718.4 1 0
github.com/Oleg-Pro/chat-server/internal/service/mocks/chat_service_minimock.go:721.2,721.39 1 0
github.com/Oleg-Pro/chat-server/internal/service/mocks/chat_service_minimock.go:725.51,726.46 1 0
github.com/Oleg-Pro/chat-server/internal/service/mocks/chat_service_minimock.go:726.46,727.43 1 0
github.com/Oleg-Pro/chat-server/internal/service/mocks/chat_service_minimock.go:727.43,729.4 1 0
github.com/Oleg-Pro/chat-server/internal/service/mocks/chat_service_minimock.go:732.2,734.70 2 0
github.com/Oleg-Pro/chat-server/internal/service/mocks/chat_service_minimock.go:734.70,735.52 1 0
github.com/Oleg-Pro/chat-server/internal/service/mocks/chat_service_minimock.go:735.52,737.4 1 0
github.com/Oleg-Pro/chat-server/internal/service/mocks/chat_service_minimock.go:737.9,739.4 1 0
github.com/Oleg-Pro/chat-server/internal/service/mocks/chat_service_minimock.go:742.2,742.51 1 0
github.com/Oleg-Pro/chat-server/internal/service/mocks/chat_service_minimock.go:742.51,744.3 1 0
github.com/Oleg-Pro/chat-server/internal/service/mocks/chat_service_minimock.go:746.2,746.63 1 0
github.com/Oleg-Pro/chat-server/internal/service/mocks/chat_service_minimock.go:746.63,749.3 1 0
github.com/Oleg-Pro/chat-server/internal/service/mocks/chat_service_minimock.go:805.91,808.2 2 0
github.com/Oleg-Pro/chat-server/internal/service/mocks/chat_service_minimock.go:811.140,812.47 1 0
github.com/Oleg-Pro/chat-server/internal/service/mocks/chat_service_minimock.go:812.47,814.3 1 0
github.com/Oleg-Pro/chat-server/internal/service/mocks/chat_service_minimock.go:816.2,816.45 1 0
github.com/Oleg-Pro/chat-server/internal/service/mocks/chat_service_minimock.go:816.45,818.3 1 0
github.com/Oleg-Pro/chat-server/internal/service/mocks/chat_service_minimock.go:820.2,820.55 1 0
github.com/Oleg-Pro/chat-server/internal/service/mocks/chat_service_minimock.go:820.55,822.3 1 0
github.com/Oleg-Pro/chat-server/internal/service/mocks/chat_service_minimock.go:824.2,826.47 3 0
github.com/Oleg-Pro/chat-server/internal/service/mocks/chat_service_minimock.go:826.47,827.72 1 0
github.com/Oleg-Pro/chat-server/internal/service/mocks/chat_service_minimock.go:827.72,829.4 1 0
github.com/Oleg-Pro/chat-server/internal/service/mocks/chat_service_minimock.go:832.2,832.22 1 0
github.com/Oleg-Pro/chat-server/internal/service/mocks/chat_service_minimock.go:836.117,837.47 1 0
github.com/Oleg-Pro/chat-server/internal/service/mocks/chat_service_minimock.go:837.47,839.3 1 0
github.com/Oleg-Pro/chat-server/internal/service/mocks/chat_service_minimock.go:841.2,841.45 1 0
github.com/Oleg-Pro/chat-server/internal/service/mocks/chat_service_minimock.go:841.45,843.3 1 0
github.com/Oleg-Pro/chat-server/internal/service/mocks/chat_service_minimock.go:845.2,845.52 1 0
github.com/Oleg-Pro/chat-server/internal/service/mocks/chat_service_minimock.go:845.52,847.3 1 0
github.com/Oleg-Pro/chat-server/internal/service/mocks/chat_service_minimock.go:849.2,849.55 1 0
github.com/Oleg-Pro/chat-server/internal/service/mocks/chat_service_minimock.go:849.55,851.3 1 0
github.com/Oleg-Pro/chat-server/internal/service/mocks/chat_service_minimock.go:852.2,855.22 3 0
github.com/Oleg-Pro/chat-server/internal/service/mocks/chat_service_minimock.go:859.136,860.47 1 0
github.com/Oleg-Pro/chat-server/internal/service/mocks/chat_service_minimock.go:860.47,862.3 1 0
github.com/Oleg-Pro/chat-server/internal/service/mocks/chat_service_minimock.go:864.2,864.45 1 0
github.com/Oleg-Pro/chat-server/internal/service/mocks/chat_service_minimock.go:864.45,866.3 1 0
github.com/Oleg-Pro/chat-server/internal/service/mocks/chat_service_minimock.go:868.2,868.52 1 0
github.com/Oleg-Pro/chat-server/internal/service/mocks/chat_service_minimock.go:868.52,870.3 1 0
github.com/Oleg-Pro/chat-server/internal/service/mocks/chat_service_minimock.go:872.2,872.55 1 0
github.com/Oleg-Pro/chat-server/internal/service/mocks/chat_service_minimock.go:872.55,874.3 1 0
github.com/Oleg-Pro/chat-server/internal/service/mocks/chat_service_minimock.go:875.2,878.22 3 0
github.com/Oleg-Pro/chat-server/internal/service/mocks/chat_service_minimock.go:882.149,883.54 1 0
github.com/Oleg-Pro/chat-server/internal/service/mocks/chat_service_minimock.go:883.54,885.3 1 0
github.com/Oleg-Pro/chat-server/internal/service/mocks/chat_service_minimock.go:887.2,889.22 2 0
github.com/Oleg-Pro/chat-server/internal/service/mocks/chat_service_minimock.go:893.86,894.47 1 0
github.com/Oleg-Pro/chat-server/internal/service/mocks/chat_service_minimock.go:894.47,896.3 1 0
github.com/Oleg-Pro/chat-server/internal/service/mocks/chat_service_minimock.go:898.2,898.45 1 0
github.com/Oleg-Pro/chat-server/internal/service/mocks/chat_service_minimock.go:898.45,900.3 1 0
github.com/Oleg-Pro/chat-server/internal/service/mocks/chat_service_minimock.go:901.2,903.27 3 0
github.com/Oleg-Pro/chat-server/internal/service/mocks/chat_service_minimock.go:907.145,908.45 1 0
github.com/Oleg-Pro/chat-server/internal/service/mocks/chat_service_minimock.go:908.45,910.3 1 0
github.com/Oleg-Pro/chat-server/internal/service/mocks/chat_service_minimock.go:912.2,912.41 1 0
github.com/Oleg-Pro/chat-server/internal/service/mocks/chat_service_minimock.go:912.41,914.3 1 0
github.com/Oleg-Pro/chat-server/internal/service/mocks/chat_service_minimock.go:916.2,918.27 3 0
github.com/Oleg-Pro/chat-server/internal/service/mocks/chat_service_minimock.go:923.148,924.47 1 0
github.com/Oleg-Pro/chat-server/internal/service/mocks/chat_service_minimock.go:924.47,926.3 1 0
github.com/Oleg-Pro/chat-server/internal/service/mocks/chat_service_minimock.go:928.2,934.20 3 0
github.com/Oleg-Pro/chat-server/internal/service/mocks/chat_service_minimock.go:938.82,941.2 2 0
github.com/Oleg-Pro/chat-server/internal/service/mocks/chat_service_minimock.go:944.96,945.12 1 0
github.com/Oleg-Pro/chat-server/internal/service/mocks/chat_service_minimock.go:945.12,947.3 1 0
github.com/Oleg-Pro/chat-server/internal/service/mocks/chat_service_minimock.go:948.2,950.22 3 0
github.com/Oleg-Pro/chat-server/internal/service/mocks/chat_service_minimock.go:953.74,954.130 1 0
github.com/Oleg-Pro/chat-server/internal/service/mocks/chat_service_minimock.go:954.130,956.3 1 0
github.com/Oleg-Pro/chat-server/internal/service/mocks/chat_service_minimock.go:958.2,961.102 3 0
github.com/Oleg-Pro/chat-server/internal/service/mocks/chat_service_minimock.go:965.116,971.49 4 0
github.com/Oleg-Pro/chat-server/internal/service/mocks/chat_service_minimock.go:971.49,973.3 1 0
github.com/Oleg-Pro/chat-server/internal/service/mocks/chat_service_minimock.go:975.2,982.63 5 0
github.com/Oleg-Pro/chat-server/internal/service/mocks/chat_service_minimock.go:982.63,983.43 1 0
github.com/Oleg-Pro/chat-server/internal/service/mocks/chat_service_minimock.go:983.43,986.4 2 0
github.com/Oleg-Pro/chat-server/internal/service/mocks/chat_service_minimock.go:989.2,989.61 1 0
github.com/Oleg-Pro/chat-server/internal/service/mocks/chat_service_minimock.go:989.61,996.26 5 0
github.com/Oleg-Pro/chat-server/internal/service/mocks/chat_service_minimock.go:996.26,998.81 1 0
github.com/Oleg-Pro/chat-server/internal/service/mocks/chat_service_minimock.go:998.81,1001.5 1 0
github.com/Oleg-Pro/chat-server/internal/service/mocks/chat_service_minimock.go:1003.4,1003.105 1 0
github.com/Oleg-Pro/chat-server/internal/service/mocks/chat_service_minimock.go:1003.105,1006.5 1 0
github.com/Oleg-Pro/chat-server/internal/service/mocks/chat_service_minimock.go:1008.9,1008.65 1 0
github.com/Oleg-Pro/chat-server/internal/service/mocks/chat_service_minimock.go:1008.65,1011.4 1 0
github.com/Oleg-Pro/chat-server/internal/service/mocks/chat_service_minimock.go:1013.3,1014.24 2 0
github.com/Oleg-Pro/chat-server/internal/service/mocks/chat_service_minimock.go:1014.24,1016.4 1 0
github.com/Oleg-Pro/chat-server/internal/service/mocks/chat_service_minimock.go:1017.3,1017.27 1 0
github.com/Oleg-Pro/chat-server/internal/service/mocks/chat_service_minimock.go:1019.2,1019.42 1 0
github.com/Oleg-Pro/chat-server/internal/service/mocks/chat_service_minimock.go:1019.42,1021.3 1 0
github.com/Oleg-Pro/chat-server/internal/service/mocks/chat_service_minimock.go:1022.2,1023.8 2 0
github.com/Oleg-Pro/chat-server/internal/service/mocks/chat_service_minimock.go:1027.72,1029.2 1 0
github.com/Oleg-Pro/chat-server/internal/service/mocks/chat_service_minimock.go:1032.73,1034.2 1 0
github.com/Oleg-Pro/chat-server/internal/service/mocks/chat_service_minimock.go:1038.95,1047.2 5 0
github.com/Oleg-Pro/chat-server/internal/service/mocks/chat_service_minimock.go:1051.58,1052.32 1 0
github.com/Oleg-Pro/chat-server/internal/service/mocks/chat_service_minimock.go:1052.32,1055.3 1 0
github.com/Oleg-Pro/chat-server/internal/service/mocks/chat_service_minimock.go:1057.2,1057.51 1 0
github.com/Oleg-Pro/chat-server/internal/service/mocks/chat_service_minimock.go:1057.51,1058.43 1 0
github.com/Oleg-Pro/chat-server/internal/service/mocks/chat_service_minimock.go:1058.43,1060.4 1 0
github.com/Oleg-Pro/chat-server/internal/service/mocks/chat_service_minimock.go:1063.2,1063.44 1 0
github.com/Oleg-Pro/chat-server/internal/service/mocks/chat_service_minimock.go:1067.56,1068.51 1 0
github.com/Oleg-Pro/chat-server/internal/service/mocks/chat_service_minimock.go:1068.51,1069.43 1 0
github.com/Oleg-Pro/chat-server/internal/service/mocks/chat_service_minimock.go:1069.43,1071.4 1 0
github.com/Oleg-Pro/chat-server/internal/service/mocks/chat_service_minimock.go:1074.2,1076.80 2 0
github.com/Oleg-Pro/chat-server/internal/service/mocks/chat_service_minimock.go:1076.80,1077.57 1 0
github.com/Oleg-Pro/chat-server/internal/service/mocks/chat_service_minimock.go:1077.57,1079.4 1 0
github.com/Oleg-Pro/chat-server/internal/service/mocks/chat_service_minimock.go:1079.9,1081.4 1 0
github.com/Oleg-Pro/chat-server/internal/service/mocks/chat_service_minimock.go:1084.2,1084.61 1 0
github.com/Oleg-Pro/chat-server/internal/service/mocks/chat_service_minimock.go:1084.61,1086.3 1 0
github.com/Oleg-Pro/chat-server/internal/service/mocks/chat_service_minimock.go:1088.2,1088.73 1 0
github.com/Oleg-Pro/chat-server/internal/service/mocks/chat_service_minimock.go:1088.73,1091.3 1 0
github.com/Oleg-Pro/chat-server/internal/service/mocks/chat_service_minimock.go:1095.44,1096.25 1 0
github.com/Oleg-Pro/chat-server/internal/service/mocks/chat_service_minimock.go:1096.25,1097.24 1 0
github.com/Oleg-Pro/chat-server/internal/service/mocks/chat_service_minimock.go:1097.24,1103.4 3 0
github.com/Oleg-Pro/chat-server/internal/service/mocks/chat_service_minimock.go:1108.66,1110.6 2 0
github.com/Oleg-Pro/chat-server/internal/service/mocks/chat_service_minimock.go:1110.6,1111.23 1 0
github.com/Oleg-Pro/chat-server/internal/service/mocks/chat_service_minimock.go:1111.23,1113.4 1 0
github.com/Oleg-Pro/chat-server/internal/service/mocks/chat_service_minimock.go:1114.3,1114.10 1 0
github.com/Oleg-Pro/chat-server/internal/service/mocks/chat_service_minimock.go:1115.20,1117.10 2 0
github.com/Oleg-Pro/chat-server/internal/service/mocks/chat_service_minimock.go:1118.50,1118.50 0 0
github.com/Oleg-Pro/chat-server/internal/service/mocks/chat_service_minimock.go:1123.47,1129.2 2 0
github.com/Oleg-Pro/chat-server/internal/api/chat/create.go:16.109,17.34 1 0
github.com/Oleg-Pro/chat-server/internal/api/chat/create.go:17.34,19.3 1 0
github.com/Oleg-Pro/chat-server/internal/api/chat/create.go:21.2,24.16 3 0
github.com/Oleg-Pro/chat-server/internal/api/chat/create.go:24.16,26.3 1 0
github.com/Oleg-Pro/chat-server/internal/api/chat/create.go:28.2,30.8 1 0
github.com/Oleg-Pro/chat-server/internal/api/chat/delete.go:12.101,16.16 4 0
github.com/Oleg-Pro/chat-server/internal/api/chat/delete.go:16.16,18.3 1 0
github.com/Oleg-Pro/chat-server/internal/api/chat/delete.go:20.2,20.28 1 0
github.com/Oleg-Pro/chat-server/internal/api/chat/send_message.go:13.111,15.31 2 0
github.com/Oleg-Pro/chat-server/internal/api/chat/send_message.go:15.31,18.3 1 0
github.com/Oleg-Pro/chat-server/internal/api/chat/send_message.go:18.8,20.3 1 0
github.com/Oleg-Pro/chat-server/internal/api/chat/send_message.go:22.2,28.16 2 0
github.com/Oleg-Pro/chat-server/internal/api/chat/send_message.go:28.16,30.3 1 0
github.com/Oleg-Pro/chat-server/internal/api/chat/send_message.go:32.2,32.28 1 0
github.com/Oleg-Pro/chat-server/internal/api/chat/service.go:15.73,17.2 1 0
github.com/Oleg-Pro/chat-server/internal/service/chat/create.go:9.81,11.2 1 5
github.com/Oleg-Pro/chat-server/internal/service/chat/delete.go:7.69,9.2 1 5
github.com/Oleg-Pro/chat-server/internal/service/chat/send_message.go:9.75,11.2 1 5
github.com/Oleg-Pro/chat-server/internal/service/chat/service.go:13.72,15.2 1 15
github.com/Oleg-Pro/chat-server/internal/service/mocks/chat_service_minimock.go:45.61,48.55 2 0
github.com/Oleg-Pro/chat-server/internal/service/mocks/chat_service_minimock.go:48.55,50.3 1 0
github.com/Oleg-Pro/chat-server/internal/service/mocks/chat_service_minimock.go:52.2,63.10 8 0
github.com/Oleg-Pro/chat-server/internal/service/mocks/chat_service_minimock.go:120.76,123.2 2 0
github.com/Oleg-Pro/chat-server/internal/service/mocks/chat_service_minimock.go:126.115,127.37 1 0
github.com/Oleg-Pro/chat-server/internal/service/mocks/chat_service_minimock.go:127.37,129.3 1 0
github.com/Oleg-Pro/chat-server/internal/service/mocks/chat_service_minimock.go:131.2,131.40 1 0
github.com/Oleg-Pro/chat-server/internal/service/mocks/chat_service_minimock.go:131.40,133.3 1 0
github.com/Oleg-Pro/chat-server/internal/service/mocks/chat_service_minimock.go:135.2,135.50 1 0
github.com/Oleg-Pro/chat-server/internal/service/mocks/chat_service_minimock.go:135.50,137.3 1 0
github.com/Oleg-Pro/chat-server/internal/service/mocks/chat_service_minimock.go:139.2,141.42 3 0
github.com/Oleg-Pro/chat-server/internal/service/mocks/chat_service_minimock.go:141.42,142.67 1 0
github.com/Oleg-Pro/chat-server/internal/service/mocks/chat_service_minimock.go:142.67,144.4 1 0
github.com/Oleg-Pro/chat-server/internal/service/mocks/chat_service_minimock.go:147.2,147.17 1 0
github.com/Oleg-Pro/chat-server/internal/service/mocks/chat_service_minimock.go:151.102,152.37 1 0
github.com/Oleg-Pro/chat-server/internal/service/mocks/chat_service_minimock.go:152.37,154.3 1 0
github.com/Oleg-Pro/chat-server/internal/service/mocks/chat_service_minimock.go:156.2,156.40 1 0
github.com/Oleg-Pro/chat-server/internal/service/mocks/chat_service_minimock.go:156.40,158.3 1 0
github.com/Oleg-Pro/chat-server/internal/service/mocks/chat_service_minimock.go:160.2,160.47 1 0
github.com/Oleg-Pro/chat-server/internal/service/mocks/chat_service_minimock.go:160.47,162.3 1 0
github.com/Oleg-Pro/chat-server/internal/service/mocks/chat_service_minimock.go:164.2,164.50 1 0
github.com/Oleg-Pro/chat-server/internal/service/mocks/chat_service_minimock.go:164.50,166.3 1 0
github.com/Oleg-Pro/chat-server/internal/service/mocks/chat_service_minimock.go:167.2,170.17 3 0
github.com/Oleg-Pro/chat-server/internal/service/mocks/chat_service_minimock.go:174.104,175.37 1 0
github.com/Oleg-Pro/chat-server/internal/service/mocks/chat_service_minimock.go:175.37,177.3 1 0
github.com/Oleg-Pro/chat-server/internal/service/mocks/chat_service_minimock.go:179.2,179.40 1 0
github.com/Oleg-Pro/chat-server/internal/service/mocks/chat_service_minimock.go:179.40,181.3 1 0
github.com/Oleg-Pro/chat-server/internal/service/mocks/chat_service_minimock.go:183.2,183.47 1 0
github.com/Oleg-Pro/chat-server/internal/service/mocks/chat_service_minimock.go:183.47,185.3 1 0
github.com/Oleg-Pro/chat-server/internal/service/mocks/chat_service_minimock.go:187.2,187.50 1 0
github.com/Oleg-Pro/chat-server/internal/service/mocks/chat_service_minimock.go:187.50,189.3 1 0
github.com/Oleg-Pro/chat-server/internal/service/mocks/chat_service_minimock.go:190.2,193.17 3 0
github.com/Oleg-Pro/chat-server/internal/service/mocks/chat_service_minimock.go:197.124,198.44 1 0
github.com/Oleg-Pro/chat-server/internal/service/mocks/chat_service_minimock.go:198.44,200.3 1 0
github.com/Oleg-Pro/chat-server/internal/service/mocks/chat_service_minimock.go:202.2,204.17 2 0
github.com/Oleg-Pro/chat-server/internal/service/mocks/chat_service_minimock.go:208.86,209.37 1 0
github.com/Oleg-Pro/chat-server/internal/service/mocks/chat_service_minimock.go:209.37,211.3 1 0
github.com/Oleg-Pro/chat-server/internal/service/mocks/chat_service_minimock.go:213.2,213.40 1 0
github.com/Oleg-Pro/chat-server/internal/service/mocks/chat_service_minimock.go:213.40,215.3 1 0
github.com/Oleg-Pro/chat-server/internal/service/mocks/chat_service_minimock.go:216.2,218.22 3 0
github.com/Oleg-Pro/chat-server/internal/service/mocks/chat_service_minimock.go:222.135,223.40 1 0
github.com/Oleg-Pro/chat-server/internal/service/mocks/chat_service_minimock.go:223.40,225.3 1 0
github.com/Oleg-Pro/chat-server/internal/service/mocks/chat_service_minimock.go:227.2,227.36 1 0
github.com/Oleg-Pro/chat-server/internal/service/mocks/chat_service_minimock.go:227.36,229.3 1 0
github.com/Oleg-Pro/chat-server/internal/service/mocks/chat_service_minimock.go:231.2,233.22 3 0
github.com/Oleg-Pro/chat-server/internal/service/mocks/chat_service_minimock.go:238.123,239.37 1 0
github.com/Oleg-Pro/chat-server/internal/service/mocks/chat_service_minimock.go:239.37,241.3 1 0
github.com/Oleg-Pro/chat-server/internal/service/mocks/chat_service_minimock.go:243.2,249.20 3 0
github.com/Oleg-Pro/chat-server/internal/service/mocks/chat_service_minimock.go:253.87,256.2 2 0
github.com/Oleg-Pro/chat-server/internal/service/mocks/chat_service_minimock.go:259.81,260.12 1 0
github.com/Oleg-Pro/chat-server/internal/service/mocks/chat_service_minimock.go:260.12,262.3 1 0
github.com/Oleg-Pro/chat-server/internal/service/mocks/chat_service_minimock.go:263.2,265.17 3 0
github.com/Oleg-Pro/chat-server/internal/service/mocks/chat_service_minimock.go:268.64,269.110 1 0
github.com/Oleg-Pro/chat-server/internal/service/mocks/chat_service_minimock.go:269.110,271.3 1 0
github.com/Oleg-Pro/chat-server/internal/service/mocks/chat_service_minimock.go:273.2,276.102 3 0
github.com/Oleg-Pro/chat-server/internal/service/mocks/chat_service_minimock.go:280.106,286.39 4 0
github.com/Oleg-Pro/chat-server/internal/service/mocks/chat_service_minimock.go:286.39,288.3 1 0
github.com/Oleg-Pro/chat-server/internal/service/mocks/chat_service_minimock.go:290.2,297.53 5 0
github.com/Oleg-Pro/chat-server/internal/service/mocks/chat_service_minimock.go:297.53,298.43 1 0
github.com/Oleg-Pro/chat-server/internal/service/mocks/chat_service_minimock.go:298.43,301.4 2 0
github.com/Oleg-Pro/chat-server/internal/service/mocks/chat_service_minimock.go:304.2,304.51 1 0
github.com/Oleg-Pro/chat-server/internal/service/mocks/chat_service_minimock.go:304.51,311.26 5 0
github.com/Oleg-Pro/chat-server/internal/service/mocks/chat_service_minimock.go:311.26,313.81 1 0
github.com/Oleg-Pro/chat-server/internal/service/mocks/chat_service_minimock.go:313.81,316.5 1 0
github.com/Oleg-Pro/chat-server/internal/service/mocks/chat_service_minimock.go:318.4,318.84 1 0
github.com/Oleg-Pro/chat-server/internal/service/mocks/chat_service_minimock.go:318.84,321.5 1 0
github.com/Oleg-Pro/chat-server/internal/service/mocks/chat_service_minimock.go:323.9,323.65 1 0
github.com/Oleg-Pro/chat-server/internal/service/mocks/chat_service_minimock.go:323.65,326.4 1 0
github.com/Oleg-Pro/chat-server/internal/service/mocks/chat_service_minimock.go:328.3,329.24 2 0
github.com/Oleg-Pro/chat-server/internal/service/mocks/chat_service_minimock.go:329.24,331.4 1 0
github.com/Oleg-Pro/chat-server/internal/service/mocks/chat_service_minimock.go:332.3,332.45 1 0
github.com/Oleg-Pro/chat-server/internal/service/mocks/chat_service_minimock.go:334.2,334.32 1 0
github.com/Oleg-Pro/chat-server/internal/service/mocks/chat_service_minimock.go:334.32,336.3 1 0
github.com/Oleg-Pro/chat-server/internal/service/mocks/chat_service_minimock.go:337.2,338.8 2 0
github.com/Oleg-Pro/chat-server/internal/service/mocks/chat_service_minimock.go:342.62,344.2 1 0
github.com/Oleg-Pro/chat-server/internal/service/mocks/chat_service_minimock.go:347.63,349.2 1 0
github.com/Oleg-Pro/chat-server/internal/service/mocks/chat_service_minimock.go:353.80,362.2 5 0
github.com/Oleg-Pro/chat-server/internal/service/mocks/chat_service_minimock.go:366.53,367.27 1 0
github.com/Oleg-Pro/chat-server/internal/service/mocks/chat_service_minimock.go:367.27,370.3 1 0
github.com/Oleg-Pro/chat-server/internal/service/mocks/chat_service_minimock.go:372.2,372.46 1 0
github.com/Oleg-Pro/chat-server/internal/service/mocks/chat_service_minimock.go:372.46,373.43 1 0
github.com/Oleg-Pro/chat-server/internal/service/mocks/chat_service_minimock.go:373.43,375.4 1 0
github.com/Oleg-Pro/chat-server/internal/service/mocks/chat_service_minimock.go:378.2,378.39 1 0
github.com/Oleg-Pro/chat-server/internal/service/mocks/chat_service_minimock.go:382.51,383.46 1 0
github.com/Oleg-Pro/chat-server/internal/service/mocks/chat_service_minimock.go:383.46,384.43 1 0
github.com/Oleg-Pro/chat-server/internal/service/mocks/chat_service_minimock.go:384.43,386.4 1 0
github.com/Oleg-Pro/chat-server/internal/service/mocks/chat_service_minimock.go:389.2,391.70 2 0
github.com/Oleg-Pro/chat-server/internal/service/mocks/chat_service_minimock.go:391.70,392.52 1 0
github.com/Oleg-Pro/chat-server/internal/service/mocks/chat_service_minimock.go:392.52,394.4 1 0
github.com/Oleg-Pro/chat-server/internal/service/mocks/chat_service_minimock.go:394.9,396.4 1 0
github.com/Oleg-Pro/chat-server/internal/service/mocks/chat_service_minimock.go:399.2,399.51 1 0
github.com/Oleg-Pro/chat-server/internal/service/mocks/chat_service_minimock.go:399.51,401.3 1 0
github.com/Oleg-Pro/chat-server/internal/service/mocks/chat_service_minimock.go:403.2,403.63 1 0
github.com/Oleg-Pro/chat-server/internal/service/mocks/chat_service_minimock.go:403.63,406.3 1 0
github.com/Oleg-Pro/chat-server/internal/service/mocks/chat_service_minimock.go:463.76,466.2 2 0
github.com/Oleg-Pro/chat-server/internal/service/mocks/chat_service_minimock.go:469.103,470.37 1 0
github.com/Oleg-Pro/chat-server/internal/service/mocks/chat_service_minimock.go:470.37,472.3 1 0
github.com/Oleg-Pro/chat-server/internal/service/mocks/chat_service_minimock.go:474.2,474.40 1 0
github.com/Oleg-Pro/chat-server/internal/service/mocks/chat_service_minimock.go:474.40,476.3 1 0
github.com/Oleg-Pro/chat-server/internal/service/mocks/chat_service_minimock.go:478.2,478.50 1 0
github.com/Oleg-Pro/chat-server/internal/service/mocks/chat_service_minimock.go:478.50,480.3 1 0
github.com/Oleg-Pro/chat-server/internal/service/mocks/chat_service_minimock.go:482.2,484.42 3 0
github.com/Oleg-Pro/chat-server/internal/service/mocks/chat_service_minimock.go:484.42,485.67 1 0
github.com/Oleg-Pro/chat-server/internal/service/mocks/chat_service_minimock.go:485.67,487.4 1 0
github.com/Oleg-Pro/chat-server/internal/service/mocks/chat_service_minimock.go:490.2,490.17 1 0
github.com/Oleg-Pro/chat-server/internal/service/mocks/chat_service_minimock.go:494.102,495.37 1 0
github.com/Oleg-Pro/chat-server/internal/service/mocks/chat_service_minimock.go:495.37,497.3 1 0
github.com/Oleg-Pro/chat-server/internal/service/mocks/chat_service_minimock.go:499.2,499.40 1 0
github.com/Oleg-Pro/chat-server/internal/service/mocks/chat_service_minimock.go:499.40,501.3 1 0
github.com/Oleg-Pro/chat-server/internal/service/mocks/chat_service_minimock.go:503.2,503.47 1 0
github.com/Oleg-Pro/chat-server/internal/service/mocks/chat_service_minimock.go:503.47,505.3 1 0
github.com/Oleg-Pro/chat-server/internal/service/mocks/chat_service_minimock.go:507.2,507.50 1 0
github.com/Oleg-Pro/chat-server/internal/service/mocks/chat_service_minimock.go:507.50,509.3 1 0
github.com/Oleg-Pro/chat-server/internal/service/mocks/chat_service_minimock.go:510.2,513.17 3 0
github.com/Oleg-Pro/chat-server/internal/service/mocks/chat_service_minimock.go:517.90,518.37 1 0
github.com/Oleg-Pro/chat-server/internal/service/mocks/chat_service_minimock.go:518.37,520.3 1 0
github.com/Oleg-Pro/chat-server/internal/service/mocks/chat_service_minimock.go:522.2,522.40 1 0
github.com/Oleg-Pro/chat-server/internal/service/mocks/chat_service_minimock.go:522.40,524.3 1 0
github.com/Oleg-Pro/chat-server/internal/service/mocks/chat_service_minimock.go:526.2,526.47 1 0
github.com/Oleg-Pro/chat-server/internal/service/mocks/chat_service_minimock.go:526.47,528.3 1 0
github.com/Oleg-Pro/chat-server/internal/service/mocks/chat_service_minimock.go:530.2,530.50 1 0
github.com/Oleg-Pro/chat-server/internal/service/mocks/chat_service_minimock.go:530.50,532.3 1 0
github.com/Oleg-Pro/chat-server/internal/service/mocks/chat_service_minimock.go:533.2,536.17 3 0
github.com/Oleg-Pro/chat-server/internal/service/mocks/chat_service_minimock.go:540.112,541.44 1 0
github.com/Oleg-Pro/chat-server/internal/service/mocks/chat_service_minimock.go:541.44,543.3 1 0
github.com/Oleg-Pro/chat-server/internal/service/mocks/chat_service_minimock.go:545.2,547.17 2 0
github.com/Oleg-Pro/chat-server/internal/service/mocks/chat_service_minimock.go:551.86,552.37 1 0
github.com/Oleg-Pro/chat-server/internal/service/mocks/chat_service_minimock.go:552.37,554.3 1 0
github.com/Oleg-Pro/chat-server/internal/service/mocks/chat_service_minimock.go:556.2,556.40 1 0
github.com/Oleg-Pro/chat-server/internal/service/mocks/chat_service_minimock.go:556.40,558.3 1 0
github.com/Oleg-Pro/chat-server/internal/service/mocks/chat_service_minimock.go:559.2,561.22 3 0
github.com/Oleg-Pro/chat-server/internal/service/mocks/chat_service_minimock.go:565.123,566.40 1 0
github.com/Oleg-Pro/chat-server/internal/service/mocks/chat_service_minimock.go:566.40,568.3 1 0
github.com/Oleg-Pro/chat-server/internal/service/mocks/chat_service_minimock.go:570.2,570.36 1 0
github.com/Oleg-Pro/chat-server/internal/service/mocks/chat_service_minimock.go:570.36,572.3 1 0
github.com/Oleg-Pro/chat-server/internal/service/mocks/chat_service_minimock.go:574.2,576.22 3 0
github.com/Oleg-Pro/chat-server/internal/service/mocks/chat_service_minimock.go:581.111,582.37 1 0
github.com/Oleg-Pro/chat-server/internal/service/mocks/chat_service_minimock.go:582.37,584.3 1 0
github.com/Oleg-Pro/chat-server/internal/service/mocks/chat_service_minimock.go:586.2,592.20 3 0
github.com/Oleg-Pro/chat-server/internal/service/mocks/chat_service_minimock.go:596.87,599.2 2 0
github.com/Oleg-Pro/chat-server/internal/service/mocks/chat_service_minimock.go:602.81,603.12 1 0
github.com/Oleg-Pro/chat-server/internal/service/mocks/chat_service_minimock.go:603.12,605.3 1 0
github.com/Oleg-Pro/chat-server/internal/service/mocks/chat_service_minimock.go:606.2,608.17 3 0
github.com/Oleg-Pro/chat-server/internal/service/mocks/chat_service_minimock.go:611.64,612.110 1 0
github.com/Oleg-Pro/chat-server/internal/service/mocks/chat_service_minimock.go:612.110,614.3 1 0
github.com/Oleg-Pro/chat-server/internal/service/mocks/chat_service_minimock.go:616.2,619.102 3 0
github.com/Oleg-Pro/chat-server/internal/service/mocks/chat_service_minimock.go:623.94,629.39 4 0
github.com/Oleg-Pro/chat-server/internal/service/mocks/chat_service_minimock.go:629.39,631.3 1 0
github.com/Oleg-Pro/chat-server/internal/service/mocks/chat_service_minimock.go:633.2,640.53 5 0
github.com/Oleg-Pro/chat-server/internal/service/mocks/chat_service_minimock.go:640.53,641.43 1 0
github.com/Oleg-Pro/chat-server/internal/service/mocks/chat_service_minimock.go:641.43,644.4 2 0
github.com/Oleg-Pro/chat-server/internal/service/mocks/chat_service_minimock.go:647.2,647.51 1 0
github.com/Oleg-Pro/chat-server/internal/service/mocks/chat_service_minimock.go:647.51,654.26 5 0
github.com/Oleg-Pro/chat-server/internal/service/mocks/chat_service_minimock.go:654.26,656.81 1 0
github.com/Oleg-Pro/chat-server/internal/service/mocks/chat_service_minimock.go:656.81,659.5 1 0
github.com/Oleg-Pro/chat-server/internal/service/mocks/chat_service_minimock.go:661.4,661.78 1 0
github.com/Oleg-Pro/chat-server/internal/service/mocks/chat_service_minimock.go:661.78,664.5 1 0
github.com/Oleg-Pro/chat-server/internal/service/mocks/chat_service_minimock.go:666.9,666.65 1 0
github.com/Oleg-Pro/chat-server/internal/service/mocks/chat_service_minimock.go:666.65,669.4 1 0
github.com/Oleg-Pro/chat-server/internal/service/mocks/chat_service_minimock.go:671.3,672.24 2 0
github.com/Oleg-Pro/chat-server/internal/service/mocks/chat_service_minimock.go:672.24,674.4 1 0
github.com/Oleg-Pro/chat-server/internal/service/mocks/chat_service_minimock.go:675.3,675.45 1 0
github.com/Oleg-Pro/chat-server/internal/service/mocks/chat_service_minimock.go:677.2,677.32 1 0
github.com/Oleg-Pro/chat-server/internal/service/mocks/chat_service_minimock.go:677.32,679.3 1 0
github.com/Oleg-Pro/chat-server/internal/service/mocks/chat_service_minimock.go:680.2,681.8 2 0
github.com/Oleg-Pro/chat-server/internal/service/mocks/chat_service_minimock.go:685.62,687.2 1 0
github.com/Oleg-Pro/chat-server/internal/service/mocks/chat_service_minimock.go:690.63,692.2 1 0
github.com/Oleg-Pro/chat-server/internal/service/mocks/chat_service_minimock.go:696.80,705.2 5 0
github.com/Oleg-Pro/chat-server/internal/service/mocks/chat_service_minimock.go:709.53,710.27 1 0
github.com/Oleg-Pro/chat-server/internal/service/mocks/chat_service_minimock.go:710.27,713.3 1 0
github.com/Oleg-Pro/chat-server/internal/service/mocks/chat_service_minimock.go:715.2,715.46 1 0
github.com/Oleg-Pro/chat-server/internal/service/mocks/chat_service_minimock.go:715.46,716.43 1 0
github.com/Oleg-Pro/chat-server/internal/service/mocks/chat_service_minimock.go:716.43,718.4 1 0
github.com/Oleg-Pro/chat-server/internal/service/mocks/chat_service_minimock.go:721.2,721.39 1 0
github.com/Oleg-Pro/chat-server/internal/service/mocks/chat_service_minimock.go:725.51,726.46 1 0
github.com/Oleg-Pro/chat-server/internal/service/mocks/chat_service_minimock.go:726.46,727.43 1 0
github.com/Oleg-Pro/chat-server/internal/service/mocks/chat_service_minimock.go:727.43,729.4 1 0
github.com/Oleg-Pro/chat-server/internal/service/mocks/chat_service_minimock.go:732.2,734.70 2 0
github.com/Oleg-Pro/chat-server/internal/service/mocks/chat_service_minimock.go:734.70,735.52 1 0
github.com/Oleg-Pro/chat-server/internal/service/mocks/chat_service_minimock.go:735.52,737.4 1 0
github.com/Oleg-Pro/chat-server/internal/service/mocks/chat_service_minimock.go:737.9,739.4 1 0
github.com/Oleg-Pro/chat-server/internal/service/mocks/chat_service_minimock.go:742.2,742.51 1 0
github.com/Oleg-Pro/chat-server/internal/service/mocks/chat_service_minimock.go:742.51,744.3 1 0
github.com/Oleg-Pro/chat-server/internal/service/mocks/chat_service_minimock.go:746.2,746.63 1 0
github.com/Oleg-Pro/chat-server/internal/service/mocks/chat_service_minimock.go:746.63,749.3 1 0
github.com/Oleg-Pro/chat-server/internal/service/mocks/chat_service_minimock.go:805.91,808.2 2 0
github.com/Oleg-Pro/chat-server/internal/service/mocks/chat_service_minimock.go:811.140,812.47 1 0
github.com/Oleg-Pro/chat-server/internal/service/mocks/chat_service_minimock.go:812.47,814.3 1 0
github.com/Oleg-Pro/chat-server/internal/service/mocks/chat_service_minimock.go:816.2,816.45 1 0
github.com/Oleg-Pro/chat-server/internal/service/mocks/chat_service_minimock.go:816.45,818.3 1 0
github.com/Oleg-Pro/chat-server/internal/service/mocks/chat_service_minimock.go:820.2,820.55 1 0
github.com/Oleg-Pro/chat-server/internal/service/mocks/chat_service_minimock.go:820.55,822.3 1 0
github.com/Oleg-Pro/chat-server/internal/service/mocks/chat_service_minimock.go:824.2,826.47 3 0
github.com/Oleg-Pro/chat-server/internal/service/mocks/chat_service_minimock.go:826.47,827.72 1 0
github.com/Oleg-Pro/chat-server/internal/service/mocks/chat_service_minimock.go:827.72,829.4 1 0
github.com/Oleg-Pro/chat-server/internal/service/mocks/chat_service_minimock.go:832.2,832.22 1 0
github.com/Oleg-Pro/chat-server/internal/service/mocks/chat_service_minimock.go:836.117,837.47 1 0
github.com/Oleg-Pro/chat-server/internal/service/mocks/chat_service_minimock.go:837.47,839.3 1 0
github.com/Oleg-Pro/chat-server/internal/service/mocks/chat_service_minimock.go:841.2,841.45 1 0
github.com/Oleg-Pro/chat-server/internal/service/mocks/chat_service_minimock.go:841.45,843.3 1 0
github.com/Oleg-Pro/chat-server/internal/service/mocks/chat_service_minimock.go:845.2,845.52 1 0
github.com/Oleg-Pro/chat-server/internal/service/mocks/chat_service_minimock.go:845.52,847.3 1 0
github.com/Oleg-Pro/chat-server/internal/service/mocks/chat_service_minimock.go:849.2,849.55 1 0
github.com/Oleg-Pro/chat-server/internal/service/mocks/chat_service_minimock.go:849.55,851.3 1 0
github.com/Oleg-Pro/chat-server/internal/service/mocks/chat_service_minimock.go:852.2,855.22 3 0
github.com/Oleg-Pro/chat-server/internal/service/mocks/chat_service_minimock.go:859.136,860.47 1 0
github.com/Oleg-Pro/chat-server/internal/service/mocks/chat_service_minimock.go:860.47,862.3 1 0
github.com/Oleg-Pro/chat-server/internal/service/mocks/chat_service_minimock.go:864.2,864.45 1 0
github.com/Oleg-Pro/chat-server/internal/service/mocks/chat_service_minimock.go:864.45,866.3 1 0
github.com/Oleg-Pro/chat-server/internal/service/mocks/chat_service_minimock.go:868.2,868.52 1 0
github.com/Oleg-Pro/chat-server/internal/service/mocks/chat_service_minimock.go:868.52,870.3 1 0
github.com/Oleg-Pro/chat-server/internal/service/mocks/chat_service_minimock.go:872.2,872.55 1 0
github.com/Oleg-Pro/chat-server/internal/service/mocks/chat_service_minimock.go:872.55,874.3 1 0
github.com/Oleg-Pro/chat-server/internal/service/mocks/chat_service_minimock.go:875.2,878.22 3 0
github.com/Oleg-Pro/chat-server/internal/service/mocks/chat_service_minimock.go:882.149,883.54 1 0
github.com/Oleg-Pro/chat-server/internal/service/mocks/chat_service_minimock.go:883.54,885.3 1 0
github.com/Oleg-Pro/chat-server/internal/service/mocks/chat_service_minimock.go:887.2,889.22 2 0
github.com/Oleg-Pro/chat-server/internal/service/mocks/chat_service_minimock.go:893.86,894.47 1 0
github.com/Oleg-Pro/chat-server/internal/service/mocks/chat_service_minimock.go:894.47,896.3 1 0
github.com/Oleg-Pro/chat-server/internal/service/mocks/chat_service_minimock.go:898.2,898.45 1 0
github.com/Oleg-Pro/chat-server/internal/service/mocks/chat_service_minimock.go:898.45,900.3 1 0
github.com/Oleg-Pro/chat-server/internal/service/mocks/chat_service_minimock.go:901.2,903.27 3 0
github.com/Oleg-Pro/chat-server/internal/service/mocks/chat_service_minimock.go:907.145,908.45 1 0
github.com/Oleg-Pro/chat-server/internal/service/mocks/chat_service_minimock.go:908.45,910.3 1 0
github.com/Oleg-Pro/chat-server/internal/service/mocks/chat_service_minimock.go:912.2,912.41 1 0
github.com/Oleg-Pro/chat-server/internal/service/mocks/chat_service_minimock.go:912.41,914.3 1 0
github.com/Oleg-Pro/chat-server/internal/service/mocks/chat_service_minimock.go:916.2,918.27 3 0
github.com/Oleg-Pro/chat-server/internal/service/mocks/chat_service_minimock.go:923.148,924.47 1 0
github.com/Oleg-Pro/chat-server/internal/service/mocks/chat_service_minimock.go:924.47,926.3 1 0
github.com/Oleg-Pro/chat-server/internal/service/mocks/chat_service_minimock.go:928.2,934.20 3 0
github.com/Oleg-Pro/chat-server/internal/service/mocks/chat_service_minimock.go:938.82,941.2 2 0
github.com/Oleg-Pro/chat-server/internal/service/mocks/chat_service_minimock.go:944.96,945.12 1 0
github.com/Oleg-Pro/chat-server/internal/service/mocks/chat_service_minimock.go:945.12,947.3 1 0
github.com/Oleg-Pro/chat-server/internal/service/mocks/chat_service_minimock.go:948.2,950.22 3 0
github.com/Oleg-Pro/chat-server/internal/service/mocks/chat_service_minimock.go:953.74,954.130 1 0
github.com/Oleg-Pro/chat-server/internal/service/mocks/chat_service_minimock.go:954.130,956.3 1 0
github.com/Oleg-Pro/chat-server/internal/service/mocks/chat_service_minimock.go:958.2,961.102 3 0
github.com/Oleg-Pro/chat-server/internal/service/mocks/chat_service_minimock.go:965.116,971.49 4 0
github.com/Oleg-Pro/chat-server/internal/service/mocks/chat_service_minimock.go:971.49,973.3 1 0
github.com/Oleg-Pro/chat-server/internal/service/mocks/chat_service_minimock.go:975.2,982.63 5 0
github.com/Oleg-Pro/chat-server/internal/service/mocks/chat_service_minimock.go:982.63,983.43 1 0
github.com/Oleg-Pro/chat-server/internal/service/mocks/chat_service_minimock.go:983.43,986.4 2 0
github.com/Oleg-Pro/chat-server/internal/service/mocks/chat_service_minimock.go:989.2,989.61 1 0
github.com/Oleg-Pro/chat-server/internal/service/mocks/chat_service_minimock.go:989.61,996.26 5 0
github.com/Oleg-Pro/chat-server/internal/service/mocks/chat_service_minimock.go:996.26,998.81 1 0
github.com/Oleg-Pro/chat-server/internal/service/mocks/chat_service_minimock.go:998.81,1001.5 1 0
github.com/Oleg-Pro/chat-server/internal/service/mocks/chat_service_minimock.go:1003.4,1003.105 1 0
github.com/Oleg-Pro/chat-server/internal/service/mocks/chat_service_minimock.go:1003.105,1006.5 1 0
github.com/Oleg-Pro/chat-server/internal/service/mocks/chat_service_minimock.go:1008.9,1008.65 1 0
github.com/Oleg-Pro/chat-server/internal/service/mocks/chat_service_minimock.go:1008.65,1011.4 1 0
github.com/Oleg-Pro/chat-server/internal/service/mocks/chat_service_minimock.go:1013.3,1014.24 2 0
github.com/Oleg-Pro/chat-server/internal/service/mocks/chat_service_minimock.go:1014.24,1016.4 1 0
github.com/Oleg-Pro/chat-server/internal/service/mocks/chat_service_minimock.go:1017.3,1017.27 1 0
github.com/Oleg-Pro/chat-server/internal/service/mocks/chat_service_minimock.go:1019.2,1019.42 1 0
github.com/Oleg-Pro/chat-server/internal/service/mocks/chat_service_minimock.go:1019.42,1021.3 1 0
github.com/Oleg-Pro/chat-server/internal/service/mocks/chat_service_minimock.go:1022.2,1023.8 2 0
github.com/Oleg-Pro/chat-server/internal/service/mocks/chat_service_minimock.go:1027.72,1029.2 1 0
github.com/Oleg-Pro/chat-server/internal/service/mocks/chat_service_minimock.go:1032.73,1034.2 1 0
github.com/Oleg-Pro/chat-server/internal/service/mocks/chat_service_minimock.go:1038.95,1047.2 5 0
github.com/Oleg-Pro/chat-server/internal/service/mocks/chat_service_minimock.go:1051.58,1052.32 1 0
github.com/Oleg-Pro/chat-server/internal/service/mocks/chat_service_minimock.go:1052.32,1055.3 1 0
github.com/Oleg-Pro/chat-server/internal/service/mocks/chat_service_minimock.go:1057.2,1057.51 1 0
github.com/Oleg-Pro/chat-server/internal/service/mocks/chat_service_minimock.go:1057.51,1058.43 1 0
github.com/Oleg-Pro/chat-server/internal/service/mocks/chat_service_minimock.go:1058.43,1060.4 1 0
github.com/Oleg-Pro/chat-server/internal/service/mocks/chat_service_minimock.go:1063.2,1063.44 1 0
github.com/Oleg-Pro/chat-server/internal/service/mocks/chat_service_minimock.go:1067.56,1068.51 1 0
github.com/Oleg-Pro/chat-server/internal/service/mocks/chat_service_minimock.go:1068.51,1069.43 1 0
github.com/Oleg-Pro/chat-server/internal/service/mocks/chat_service_minimock.go:1069.43,1071.4 1 0
github.com/Oleg-Pro/chat-server/internal/service/mocks/chat_service_minimock.go:1074.2,1076.80 2 0
github.com/Oleg-Pro/chat-server/internal/service/mocks/chat_service_minimock.go:1076.80,1077.57 1 0
github.com/Oleg-Pro/chat-server/internal/service/mocks/chat_service_minimock.go:1077.57,1079.4 1 0
github.com/Oleg-Pro/chat-server/internal/service/mocks/chat_service_minimock.go:1079.9,1081.4 1 0
github.com/Oleg-Pro/chat-server/internal/service/mocks/chat_service_minimock.go:1084.2,1084.61 1 0
github.com/Oleg-Pro/chat-server/internal/service/mocks/chat_service_minimock.go:1084.61,1086.3 1 0
github.com/Oleg-Pro/chat-server/internal/service/mocks/chat_service_minimock.go:1088.2,1088.73 1 0
github.com/Oleg-Pro/chat-server/internal/service/mocks/chat_service_minimock.go:1088.73,1091.3 1 0
github.com/Oleg-Pro/chat-server/internal/service/mocks/chat_service_minimock.go:1095.44,1096.25 1 0
github.com/Oleg-Pro/chat-server/internal/service/mocks/chat_service_minimock.go:1096.25,1097.24 1 0
github.com/Oleg-Pro/chat-server/internal/service/mocks/chat_service_minimock.go:1097.24,1103.4 3 0
github.com/Oleg-Pro/chat-server/internal/service/mocks/chat_service_minimock.go:1108.66,1110.6 2 0
github.com/Oleg-Pro/chat-server/internal/service/mocks/chat_service_minimock.go:1110.6,1111.23 1 0
github.com/Oleg-Pro/chat-server/internal/service/mocks/chat_service_minimock.go:1111.23,1113.4 1 0
github.com/Oleg-Pro/chat-server/internal/service/mocks/chat_service_minimock.go:1114.3,1114.10 1 0
github.com/Oleg-Pro/chat-server/internal/service/mocks/chat_service_minimock.go:1115.20,1117.10 2 0
github.com/Oleg-Pro/chat-server/internal/service/mocks/chat_service_minimock.go:1118.50,1118.50 0 0
github.com/Oleg-Pro/chat-server/internal/service/mocks/chat_service_minimock.go:1123.47,1129.2 2 0
